This is pdfTeX, Version 3.14159265-2.6-1.40.20 (TeX Live 2019/Arch Linux) (preloaded format=pdflatex 2020.1.16)  2 FEB 2020 02:49
entering extended mode
 restricted \write18 enabled.
 %&-line parsing enabled.
**main.tex
(./main.tex
LaTeX2e <2019-10-01> patch level 1
(/usr/share/texmf-dist/tex/latex/base/article.cls
Document Class: article 2019/08/27 v1.4j Standard LaTeX document class
(/usr/share/texmf-dist/tex/latex/base/size10.clo
File: size10.clo 2019/08/27 v1.4j Standard LaTeX file (size option)
)
\c@part=\count80
\c@section=\count81
\c@subsection=\count82
\c@subsubsection=\count83
\c@paragraph=\count84
\c@subparagraph=\count85
\c@figure=\count86
\c@table=\count87
\abovecaptionskip=\skip41
\belowcaptionskip=\skip42
\bibindent=\dimen102
)
\@input{packages.aux}
\openout2 = `packages.aux'.

(./packages.tex (/usr/share/texmf-dist/tex/generic/babel/babel.sty
Package: babel 2019/10/15 3.35 The Babel package

(/usr/share/texmf-dist/tex/generic/babel/switch.def
File: switch.def 2019/10/15 3.35 Babel switching mechanism
)
(/usr/share/texmf-dist/tex/generic/babel-portuges/portuges.ldf
Language: portuges 2008/03/18 v1.2q Portuguese support from the babel system

(/usr/share/texmf-dist/tex/generic/babel/babel.def
File: babel.def 2019/10/15 3.35 Babel common definitions
\babel@savecnt=\count88
\U@D=\dimen103

(/usr/share/texmf-dist/tex/generic/babel/txtbabel.def)
\bbl@dirlevel=\count89
)
\l@brazil = a dialect from \language\l@portuges 
Package babel Info: Making " an active character on input line 145.
))
(/usr/share/texmf-dist/tex/latex/base/inputenc.sty
Package: inputenc 2018/08/11 v1.3c Input encoding file
\inpenc@prehook=\toks14
\inpenc@posthook=\toks15
)
(/usr/share/texmf-dist/tex/latex/fancyhdr/fancyhdr.sty
Package: fancyhdr 2019/01/31 v3.10 Extensive control of page headers and footer
s
\f@nch@headwidth=\skip43
\f@nch@O@elh=\skip44
\f@nch@O@erh=\skip45
\f@nch@O@olh=\skip46
\f@nch@O@orh=\skip47
\f@nch@O@elf=\skip48
\f@nch@O@erf=\skip49
\f@nch@O@olf=\skip50
\f@nch@O@orf=\skip51
)
(/usr/share/texmf-dist/tex/latex/graphics/graphicx.sty
Package: graphicx 2017/06/01 v1.1a Enhanced LaTeX Graphics (DPC,SPQR)

(/usr/share/texmf-dist/tex/latex/graphics/keyval.sty
Package: keyval 2014/10/28 v1.15 key=value parser (DPC)
\KV@toks@=\toks16
)
(/usr/share/texmf-dist/tex/latex/graphics/graphics.sty
Package: graphics 2019/10/08 v1.3c Standard LaTeX Graphics (DPC,SPQR)

(/usr/share/texmf-dist/tex/latex/graphics/trig.sty
Package: trig 2016/01/03 v1.10 sin cos tan (DPC)
)
(/usr/share/texmf-dist/tex/latex/graphics-cfg/graphics.cfg
File: graphics.cfg 2016/06/04 v1.11 sample graphics configuration
)
Package graphics Info: Driver file: pdftex.def on input line 105.

(/usr/share/texmf-dist/tex/latex/graphics-def/pdftex.def
File: pdftex.def 2018/01/08 v1.0l Graphics/color driver for pdftex
))
\Gin@req@height=\dimen104
\Gin@req@width=\dimen105
)
(/usr/share/texmf-dist/tex/latex/geometry/geometry.sty
Package: geometry 2018/04/16 v5.8 Page Geometry

(/usr/share/texmf-dist/tex/generic/oberdiek/ifpdf.sty
Package: ifpdf 2018/09/07 v3.3 Provides the ifpdf switch
)
(/usr/share/texmf-dist/tex/generic/oberdiek/ifvtex.sty
Package: ifvtex 2016/05/16 v1.6 Detect VTeX and its facilities (HO)
Package ifvtex Info: VTeX not detected.
)
(/usr/share/texmf-dist/tex/generic/ifxetex/ifxetex.sty
Package: ifxetex 2010/09/12 v0.6 Provides ifxetex conditional
)
\Gm@cnth=\count90
\Gm@cntv=\count91
\c@Gm@tempcnt=\count92
\Gm@bindingoffset=\dimen106
\Gm@wd@mp=\dimen107
\Gm@odd@mp=\dimen108
\Gm@even@mp=\dimen109
\Gm@layoutwidth=\dimen110
\Gm@layoutheight=\dimen111
\Gm@layouthoffset=\dimen112
\Gm@layoutvoffset=\dimen113
\Gm@dimlist=\toks17
)
(/usr/share/texmf-dist/tex/latex/kpfonts/kpfonts.sty
Package: kpfonts  2010/08/20 v3.31

(/usr/share/texmf-dist/tex/latex/base/textcomp.sty
Package: textcomp 2018/08/11 v2.0j Standard LaTeX package
Package textcomp Info: Sub-encoding information:
(textcomp)               5 = only ISO-Adobe without \textcurrency
(textcomp)               4 = 5 + \texteuro
(textcomp)               3 = 4 + \textohm
(textcomp)               2 = 3 + \textestimated + \textcurrency
(textcomp)               1 = TS1 - \textcircled - \t
(textcomp)               0 = TS1 (full)
(textcomp)             Font families with sub-encoding setting implement
(textcomp)             only a restricted character set as indicated.
(textcomp)             Family '?' is the default used for unknown fonts.
(textcomp)             See the documentation for details.
Package textcomp Info: Setting ? sub-encoding to TS1/1 on input line 79.
Package textcomp Info: Changing ? sub-encoding to TS1/0 on input line 80.

(/usr/share/texmf-dist/tex/latex/base/ts1enc.def
File: ts1enc.def 2001/06/05 v3.0e (jk/car/fm) Standard LaTeX file
Now handling font encoding TS1 ...
... processing UTF-8 mapping file for font encoding TS1

(/usr/share/texmf-dist/tex/latex/base/ts1enc.dfu
File: ts1enc.dfu 2019/07/11 v1.2j UTF-8 support for inputenc
   defining Unicode char U+00A2 (decimal 162)
   defining Unicode char U+00A3 (decimal 163)
   defining Unicode char U+00A4 (decimal 164)
   defining Unicode char U+00A5 (decimal 165)
   defining Unicode char U+00A6 (decimal 166)
   defining Unicode char U+00A7 (decimal 167)
   defining Unicode char U+00A8 (decimal 168)
   defining Unicode char U+00A9 (decimal 169)
   defining Unicode char U+00AA (decimal 170)
   defining Unicode char U+00AC (decimal 172)
   defining Unicode char U+00AE (decimal 174)
   defining Unicode char U+00AF (decimal 175)
   defining Unicode char U+00B0 (decimal 176)
   defining Unicode char U+00B1 (decimal 177)
   defining Unicode char U+00B2 (decimal 178)
   defining Unicode char U+00B3 (decimal 179)
   defining Unicode char U+00B4 (decimal 180)
   defining Unicode char U+00B5 (decimal 181)
   defining Unicode char U+00B6 (decimal 182)
   defining Unicode char U+00B7 (decimal 183)
   defining Unicode char U+00B9 (decimal 185)
   defining Unicode char U+00BA (decimal 186)
   defining Unicode char U+00BC (decimal 188)
   defining Unicode char U+00BD (decimal 189)
   defining Unicode char U+00BE (decimal 190)
   defining Unicode char U+00D7 (decimal 215)
   defining Unicode char U+00F7 (decimal 247)
   defining Unicode char U+0192 (decimal 402)
   defining Unicode char U+02C7 (decimal 711)
   defining Unicode char U+02D8 (decimal 728)
   defining Unicode char U+02DD (decimal 733)
   defining Unicode char U+0E3F (decimal 3647)
   defining Unicode char U+2016 (decimal 8214)
   defining Unicode char U+2020 (decimal 8224)
   defining Unicode char U+2021 (decimal 8225)
   defining Unicode char U+2022 (decimal 8226)
   defining Unicode char U+2030 (decimal 8240)
   defining Unicode char U+2031 (decimal 8241)
   defining Unicode char U+203B (decimal 8251)
   defining Unicode char U+203D (decimal 8253)
   defining Unicode char U+2044 (decimal 8260)
   defining Unicode char U+204E (decimal 8270)
   defining Unicode char U+2052 (decimal 8274)
   defining Unicode char U+20A1 (decimal 8353)
   defining Unicode char U+20A4 (decimal 8356)
   defining Unicode char U+20A6 (decimal 8358)
   defining Unicode char U+20A9 (decimal 8361)
   defining Unicode char U+20AB (decimal 8363)
   defining Unicode char U+20AC (decimal 8364)
   defining Unicode char U+20B1 (decimal 8369)
   defining Unicode char U+2103 (decimal 8451)
   defining Unicode char U+2116 (decimal 8470)
   defining Unicode char U+2117 (decimal 8471)
   defining Unicode char U+211E (decimal 8478)
   defining Unicode char U+2120 (decimal 8480)
   defining Unicode char U+2122 (decimal 8482)
   defining Unicode char U+2126 (decimal 8486)
   defining Unicode char U+2127 (decimal 8487)
   defining Unicode char U+212E (decimal 8494)
   defining Unicode char U+2190 (decimal 8592)
   defining Unicode char U+2191 (decimal 8593)
   defining Unicode char U+2192 (decimal 8594)
   defining Unicode char U+2193 (decimal 8595)
   defining Unicode char U+2329 (decimal 9001)
   defining Unicode char U+232A (decimal 9002)
   defining Unicode char U+2422 (decimal 9250)
   defining Unicode char U+25E6 (decimal 9702)
   defining Unicode char U+25EF (decimal 9711)
   defining Unicode char U+266A (decimal 9834)
   defining Unicode char U+27E8 (decimal 10216)
   defining Unicode char U+27E9 (decimal 10217)
   defining Unicode char U+FEFF (decimal 65279)
))
LaTeX Info: Redefining \oldstylenums on input line 334.
Package textcomp Info: Setting cmr sub-encoding to TS1/0 on input line 349.
Package textcomp Info: Setting cmss sub-encoding to TS1/0 on input line 350.
Package textcomp Info: Setting cmtt sub-encoding to TS1/0 on input line 351.
Package textcomp Info: Setting cmvtt sub-encoding to TS1/0 on input line 352.
Package textcomp Info: Setting cmbr sub-encoding to TS1/0 on input line 353.
Package textcomp Info: Setting cmtl sub-encoding to TS1/0 on input line 354.
Package textcomp Info: Setting ccr sub-encoding to TS1/0 on input line 355.
Package textcomp Info: Setting ptm sub-encoding to TS1/4 on input line 356.
Package textcomp Info: Setting pcr sub-encoding to TS1/4 on input line 357.
Package textcomp Info: Setting phv sub-encoding to TS1/4 on input line 358.
Package textcomp Info: Setting ppl sub-encoding to TS1/3 on input line 359.
Package textcomp Info: Setting pag sub-encoding to TS1/4 on input line 360.
Package textcomp Info: Setting pbk sub-encoding to TS1/4 on input line 361.
Package textcomp Info: Setting pnc sub-encoding to TS1/4 on input line 362.
Package textcomp Info: Setting pzc sub-encoding to TS1/4 on input line 363.
Package textcomp Info: Setting bch sub-encoding to TS1/4 on input line 364.
Package textcomp Info: Setting put sub-encoding to TS1/5 on input line 365.
Package textcomp Info: Setting uag sub-encoding to TS1/5 on input line 366.
Package textcomp Info: Setting ugq sub-encoding to TS1/5 on input line 367.
Package textcomp Info: Setting ul8 sub-encoding to TS1/4 on input line 368.
Package textcomp Info: Setting ul9 sub-encoding to TS1/4 on input line 369.
Package textcomp Info: Setting augie sub-encoding to TS1/5 on input line 370.
Package textcomp Info: Setting dayrom sub-encoding to TS1/3 on input line 371.
Package textcomp Info: Setting dayroms sub-encoding to TS1/3 on input line 372.

Package textcomp Info: Setting pxr sub-encoding to TS1/0 on input line 373.
Package textcomp Info: Setting pxss sub-encoding to TS1/0 on input line 374.
Package textcomp Info: Setting pxtt sub-encoding to TS1/0 on input line 375.
Package textcomp Info: Setting txr sub-encoding to TS1/0 on input line 376.
Package textcomp Info: Setting txss sub-encoding to TS1/0 on input line 377.
Package textcomp Info: Setting txtt sub-encoding to TS1/0 on input line 378.
Package textcomp Info: Setting lmr sub-encoding to TS1/0 on input line 379.
Package textcomp Info: Setting lmdh sub-encoding to TS1/0 on input line 380.
Package textcomp Info: Setting lmss sub-encoding to TS1/0 on input line 381.
Package textcomp Info: Setting lmssq sub-encoding to TS1/0 on input line 382.
Package textcomp Info: Setting lmvtt sub-encoding to TS1/0 on input line 383.
Package textcomp Info: Setting lmtt sub-encoding to TS1/0 on input line 384.
Package textcomp Info: Setting qhv sub-encoding to TS1/0 on input line 385.
Package textcomp Info: Setting qag sub-encoding to TS1/0 on input line 386.
Package textcomp Info: Setting qbk sub-encoding to TS1/0 on input line 387.
Package textcomp Info: Setting qcr sub-encoding to TS1/0 on input line 388.
Package textcomp Info: Setting qcs sub-encoding to TS1/0 on input line 389.
Package textcomp Info: Setting qpl sub-encoding to TS1/0 on input line 390.
Package textcomp Info: Setting qtm sub-encoding to TS1/0 on input line 391.
Package textcomp Info: Setting qzc sub-encoding to TS1/0 on input line 392.
Package textcomp Info: Setting qhvc sub-encoding to TS1/0 on input line 393.
Package textcomp Info: Setting futs sub-encoding to TS1/4 on input line 394.
Package textcomp Info: Setting futx sub-encoding to TS1/4 on input line 395.
Package textcomp Info: Setting futj sub-encoding to TS1/4 on input line 396.
Package textcomp Info: Setting hlh sub-encoding to TS1/3 on input line 397.
Package textcomp Info: Setting hls sub-encoding to TS1/3 on input line 398.
Package textcomp Info: Setting hlst sub-encoding to TS1/3 on input line 399.
Package textcomp Info: Setting hlct sub-encoding to TS1/5 on input line 400.
Package textcomp Info: Setting hlx sub-encoding to TS1/5 on input line 401.
Package textcomp Info: Setting hlce sub-encoding to TS1/5 on input line 402.
Package textcomp Info: Setting hlcn sub-encoding to TS1/5 on input line 403.
Package textcomp Info: Setting hlcw sub-encoding to TS1/5 on input line 404.
Package textcomp Info: Setting hlcf sub-encoding to TS1/5 on input line 405.
Package textcomp Info: Setting pplx sub-encoding to TS1/3 on input line 406.
Package textcomp Info: Setting pplj sub-encoding to TS1/3 on input line 407.
Package textcomp Info: Setting ptmx sub-encoding to TS1/4 on input line 408.
Package textcomp Info: Setting ptmj sub-encoding to TS1/4 on input line 409.
)
(/usr/share/texmf-dist/tex/latex/amsmath/amsmath.sty
Package: amsmath 2019/04/01 v2.17c AMS math features
\@mathmargin=\skip52

For additional information on amsmath, use the `?' option.
(/usr/share/texmf-dist/tex/latex/amsmath/amstext.sty
Package: amstext 2000/06/29 v2.01 AMS text

(/usr/share/texmf-dist/tex/latex/amsmath/amsgen.sty
File: amsgen.sty 1999/11/30 v2.0 generic functions
\@emptytoks=\toks18
\ex@=\dimen114
))
(/usr/share/texmf-dist/tex/latex/amsmath/amsbsy.sty
Package: amsbsy 1999/11/29 v1.2d Bold Symbols
\pmbraise@=\dimen115
)
(/usr/share/texmf-dist/tex/latex/amsmath/amsopn.sty
Package: amsopn 2016/03/08 v2.02 operator names
)
\inf@bad=\count93
LaTeX Info: Redefining \frac on input line 227.
\uproot@=\count94
\leftroot@=\count95
LaTeX Info: Redefining \overline on input line 389.
\classnum@=\count96
\DOTSCASE@=\count97
LaTeX Info: Redefining \ldots on input line 486.
LaTeX Info: Redefining \dots on input line 489.
LaTeX Info: Redefining \cdots on input line 610.
\Mathstrutbox@=\box27
\strutbox@=\box28
\big@size=\dimen116
LaTeX Font Info:    Redeclaring font encoding OML on input line 733.
LaTeX Font Info:    Redeclaring font encoding OMS on input line 734.
\macc@depth=\count98
\c@MaxMatrixCols=\count99
\dotsspace@=\muskip10
\c@parentequation=\count100
\dspbrk@lvl=\count101
\tag@help=\toks19
\row@=\count102
\column@=\count103
\maxfields@=\count104
\andhelp@=\toks20
\eqnshift@=\dimen117
\alignsep@=\dimen118
\tagshift@=\dimen119
\tagwidth@=\dimen120
\totwidth@=\dimen121
\lineht@=\dimen122
\@envbody=\toks21
\multlinegap=\skip53
\multlinetaggap=\skip54
\mathdisplay@stack=\toks22
LaTeX Info: Redefining \[ on input line 2855.
LaTeX Info: Redefining \] on input line 2856.
)
\c@mv@rm=\count105
\c@mv@boldrm=\count106
\c@mv@sf=\count107
\c@mv@boldsf=\count108
LaTeX Font Info:    Redeclaring symbol font `operators' on input line 354.
LaTeX Font Info:    Overwriting symbol font `operators' in version `normal'
(Font)                  OT1/cmr/m/n --> OT1/jkp/m/n on input line 354.
LaTeX Font Info:    Overwriting symbol font `operators' in version `bold'
(Font)                  OT1/cmr/bx/n --> OT1/jkp/m/n on input line 354.
LaTeX Font Info:    Overwriting symbol font `operators' in version `rm'
(Font)                  OT1/cmr/m/n --> OT1/jkp/m/n on input line 354.
LaTeX Font Info:    Overwriting symbol font `operators' in version `boldrm'
(Font)                  OT1/cmr/m/n --> OT1/jkp/m/n on input line 354.
LaTeX Font Info:    Overwriting symbol font `operators' in version `sf'
(Font)                  OT1/cmr/m/n --> OT1/jkp/m/n on input line 354.
LaTeX Font Info:    Overwriting symbol font `operators' in version `boldsf'
(Font)                  OT1/cmr/m/n --> OT1/jkp/m/n on input line 354.
LaTeX Font Info:    Overwriting symbol font `operators' in version `bold'
(Font)                  OT1/jkp/m/n --> OT1/jkp/b/n on input line 355.
LaTeX Font Info:    Overwriting symbol font `operators' in version `rm'
(Font)                  OT1/jkp/m/n --> OT1/jkp/m/n on input line 357.
LaTeX Font Info:    Overwriting symbol font `operators' in version `boldrm'
(Font)                  OT1/jkp/m/n --> OT1/jkp/b/n on input line 358.
LaTeX Font Info:    Overwriting symbol font `operators' in version `sf'
(Font)                  OT1/jkp/m/n --> OT1/jkpss/m/n on input line 359.
LaTeX Font Info:    Overwriting symbol font `operators' in version `boldsf'
(Font)                  OT1/jkp/m/n --> OT1/jkpss/b/n on input line 360.
LaTeX Font Info:    Redeclaring math alphabet \mathrm on input line 364.
LaTeX Font Info:    Overwriting math alphabet `\mathrm' in version `bold'
(Font)                  OT1/jkp/m/n --> OT1/jkp/b/n on input line 365.
LaTeX Font Info:    Overwriting math alphabet `\mathrm' in version `rm'
(Font)                  OT1/jkp/m/n --> OT1/jkp/m/n on input line 366.
LaTeX Font Info:    Overwriting math alphabet `\mathrm' in version `boldrm'
(Font)                  OT1/jkp/m/n --> OT1/jkp/b/n on input line 367.
LaTeX Font Info:    Overwriting math alphabet `\mathrm' in version `sf'
(Font)                  OT1/jkp/m/n --> OT1/jkp/m/n on input line 368.
LaTeX Font Info:    Overwriting math alphabet `\mathrm' in version `boldsf'
(Font)                  OT1/jkp/m/n --> OT1/jkp/b/n on input line 369.
LaTeX Font Info:    Redeclaring math alphabet \mathbf on input line 378.
LaTeX Font Info:    Overwriting math alphabet `\mathbf' in version `normal'
(Font)                  OT1/cmr/bx/n --> OT1/jkp/b/n on input line 378.
LaTeX Font Info:    Overwriting math alphabet `\mathbf' in version `bold'
(Font)                  OT1/cmr/bx/n --> OT1/jkp/b/n on input line 378.
LaTeX Font Info:    Overwriting math alphabet `\mathbf' in version `rm'
(Font)                  OT1/cmr/bx/n --> OT1/jkp/b/n on input line 378.
LaTeX Font Info:    Overwriting math alphabet `\mathbf' in version `boldrm'
(Font)                  OT1/cmr/bx/n --> OT1/jkp/b/n on input line 378.
LaTeX Font Info:    Overwriting math alphabet `\mathbf' in version `sf'
(Font)                  OT1/cmr/bx/n --> OT1/jkp/b/n on input line 378.
LaTeX Font Info:    Overwriting math alphabet `\mathbf' in version `boldsf'
(Font)                  OT1/cmr/bx/n --> OT1/jkp/b/n on input line 378.
LaTeX Font Info:    Overwriting math alphabet `\mathbf' in version `bold'
(Font)                  OT1/jkp/b/n --> OT1/jkp/b/n on input line 379.
LaTeX Font Info:    Overwriting math alphabet `\mathbf' in version `rm'
(Font)                  OT1/jkp/b/n --> OT1/jkp/b/n on input line 381.
LaTeX Font Info:    Overwriting math alphabet `\mathbf' in version `boldrm'
(Font)                  OT1/jkp/b/n --> OT1/jkp/b/n on input line 382.
LaTeX Font Info:    Overwriting math alphabet `\mathbf' in version `sf'
(Font)                  OT1/jkp/b/n --> OT1/jkpss/b/n on input line 383.
LaTeX Font Info:    Overwriting math alphabet `\mathbf' in version `boldsf'
(Font)                  OT1/jkp/b/n --> OT1/jkpss/b/n on input line 384.
LaTeX Font Info:    Redeclaring math alphabet \mathit on input line 390.
LaTeX Font Info:    Overwriting math alphabet `\mathit' in version `normal'
(Font)                  OT1/cmr/m/it --> OT1/jkp/m/it on input line 390.
LaTeX Font Info:    Overwriting math alphabet `\mathit' in version `bold'
(Font)                  OT1/cmr/bx/it --> OT1/jkp/m/it on input line 390.
LaTeX Font Info:    Overwriting math alphabet `\mathit' in version `rm'
(Font)                  OT1/cmr/m/it --> OT1/jkp/m/it on input line 390.
LaTeX Font Info:    Overwriting math alphabet `\mathit' in version `boldrm'
(Font)                  OT1/cmr/m/it --> OT1/jkp/m/it on input line 390.
LaTeX Font Info:    Overwriting math alphabet `\mathit' in version `sf'
(Font)                  OT1/cmr/m/it --> OT1/jkp/m/it on input line 390.
LaTeX Font Info:    Overwriting math alphabet `\mathit' in version `boldsf'
(Font)                  OT1/cmr/m/it --> OT1/jkp/m/it on input line 390.
LaTeX Font Info:    Overwriting math alphabet `\mathit' in version `bold'
(Font)                  OT1/jkp/m/it --> OT1/jkp/b/it on input line 391.
LaTeX Font Info:    Overwriting math alphabet `\mathit' in version `rm'
(Font)                  OT1/jkp/m/it --> OT1/jkp/m/it on input line 393.
LaTeX Font Info:    Overwriting math alphabet `\mathit' in version `boldrm'
(Font)                  OT1/jkp/m/it --> OT1/jkp/b/it on input line 394.
LaTeX Font Info:    Overwriting math alphabet `\mathit' in version `sf'
(Font)                  OT1/jkp/m/it --> OT1/jkpss/m/it on input line 395.
LaTeX Font Info:    Overwriting math alphabet `\mathit' in version `boldsf'
(Font)                  OT1/jkp/m/it --> OT1/jkpss/b/it on input line 396.
LaTeX Font Info:    Redeclaring math alphabet \mathsf on input line 401.
LaTeX Font Info:    Overwriting math alphabet `\mathsf' in version `normal'
(Font)                  OT1/cmss/m/n --> OT1/jkpss/m/n on input line 401.
LaTeX Font Info:    Overwriting math alphabet `\mathsf' in version `bold'
(Font)                  OT1/cmss/bx/n --> OT1/jkpss/m/n on input line 401.
LaTeX Font Info:    Overwriting math alphabet `\mathsf' in version `rm'
(Font)                  OT1/cmss/m/n --> OT1/jkpss/m/n on input line 401.
LaTeX Font Info:    Overwriting math alphabet `\mathsf' in version `boldrm'
(Font)                  OT1/cmss/m/n --> OT1/jkpss/m/n on input line 401.
LaTeX Font Info:    Overwriting math alphabet `\mathsf' in version `sf'
(Font)                  OT1/cmss/m/n --> OT1/jkpss/m/n on input line 401.
LaTeX Font Info:    Overwriting math alphabet `\mathsf' in version `boldsf'
(Font)                  OT1/cmss/m/n --> OT1/jkpss/m/n on input line 401.
LaTeX Font Info:    Overwriting math alphabet `\mathsf' in version `bold'
(Font)                  OT1/jkpss/m/n --> OT1/jkpss/b/n on input line 402.
LaTeX Font Info:    Overwriting math alphabet `\mathsf' in version `rm'
(Font)                  OT1/jkpss/m/n --> OT1/jkpss/m/n on input line 403.
LaTeX Font Info:    Overwriting math alphabet `\mathsf' in version `boldrm'
(Font)                  OT1/jkpss/m/n --> OT1/jkpss/b/n on input line 404.
LaTeX Font Info:    Overwriting math alphabet `\mathsf' in version `sf'
(Font)                  OT1/jkpss/m/n --> OT1/jkpss/m/n on input line 405.
LaTeX Font Info:    Overwriting math alphabet `\mathsf' in version `boldsf'
(Font)                  OT1/jkpss/m/n --> OT1/jkpss/b/n on input line 406.
LaTeX Font Info:    Redeclaring math alphabet \mathtt on input line 410.
LaTeX Font Info:    Overwriting math alphabet `\mathtt' in version `normal'
(Font)                  OT1/cmtt/m/n --> OT1/jkptt/m/n on input line 410.
LaTeX Font Info:    Overwriting math alphabet `\mathtt' in version `bold'
(Font)                  OT1/cmtt/m/n --> OT1/jkptt/m/n on input line 410.
LaTeX Font Info:    Overwriting math alphabet `\mathtt' in version `rm'
(Font)                  OT1/cmtt/m/n --> OT1/jkptt/m/n on input line 410.
LaTeX Font Info:    Overwriting math alphabet `\mathtt' in version `boldrm'
(Font)                  OT1/cmtt/m/n --> OT1/jkptt/m/n on input line 410.
LaTeX Font Info:    Overwriting math alphabet `\mathtt' in version `sf'
(Font)                  OT1/cmtt/m/n --> OT1/jkptt/m/n on input line 410.
LaTeX Font Info:    Overwriting math alphabet `\mathtt' in version `boldsf'
(Font)                  OT1/cmtt/m/n --> OT1/jkptt/m/n on input line 410.
LaTeX Font Info:    Overwriting math alphabet `\mathtt' in version `bold'
(Font)                  OT1/jkptt/m/n --> OT1/jkptt/b/n on input line 411.
LaTeX Font Info:    Overwriting math alphabet `\mathtt' in version `rm'
(Font)                  OT1/jkptt/m/n --> OT1/jkptt/m/n on input line 412.
LaTeX Font Info:    Overwriting math alphabet `\mathtt' in version `boldrm'
(Font)                  OT1/jkptt/m/n --> OT1/jkptt/b/n on input line 413.
LaTeX Font Info:    Overwriting math alphabet `\mathtt' in version `sf'
(Font)                  OT1/jkptt/m/n --> OT1/jkptt/m/n on input line 414.
LaTeX Font Info:    Overwriting math alphabet `\mathtt' in version `boldsf'
(Font)                  OT1/jkptt/m/n --> OT1/jkptt/b/n on input line 415.
LaTeX Font Info:    Redeclaring symbol font `letters' on input line 423.
LaTeX Font Info:    Overwriting symbol font `letters' in version `normal'
(Font)                  OML/cmm/m/it --> OML/jkp/m/it on input line 423.
LaTeX Font Info:    Overwriting symbol font `letters' in version `bold'
(Font)                  OML/cmm/b/it --> OML/jkp/m/it on input line 423.
LaTeX Font Info:    Overwriting symbol font `letters' in version `rm'
(Font)                  OML/cmm/m/it --> OML/jkp/m/it on input line 423.
LaTeX Font Info:    Overwriting symbol font `letters' in version `boldrm'
(Font)                  OML/cmm/m/it --> OML/jkp/m/it on input line 423.
LaTeX Font Info:    Overwriting symbol font `letters' in version `sf'
(Font)                  OML/cmm/m/it --> OML/jkp/m/it on input line 423.
LaTeX Font Info:    Overwriting symbol font `letters' in version `boldsf'
(Font)                  OML/cmm/m/it --> OML/jkp/m/it on input line 423.
LaTeX Font Info:    Overwriting symbol font `letters' in version `bold'
(Font)                  OML/jkp/m/it --> OML/jkp/bx/it on input line 424.
LaTeX Font Info:    Overwriting symbol font `letters' in version `rm'
(Font)                  OML/jkp/m/it --> OML/jkp/m/it on input line 426.
LaTeX Font Info:    Overwriting symbol font `letters' in version `boldrm'
(Font)                  OML/jkp/m/it --> OML/jkp/bx/it on input line 427.
LaTeX Font Info:    Overwriting symbol font `letters' in version `sf'
(Font)                  OML/jkp/m/it --> OML/jkpss/m/it on input line 428.
LaTeX Font Info:    Overwriting symbol font `letters' in version `boldsf'
(Font)                  OML/jkp/m/it --> OML/jkpss/bx/it on input line 429.
\symlettersA=\mathgroup4
LaTeX Font Info:    Overwriting symbol font `lettersA' in version `bold'
(Font)                  U/jkpmia/m/it --> U/jkpmia/bx/it on input line 439.
LaTeX Font Info:    Overwriting symbol font `lettersA' in version `rm'
(Font)                  U/jkpmia/m/it --> U/jkpmia/m/it on input line 441.
LaTeX Font Info:    Overwriting symbol font `lettersA' in version `boldrm'
(Font)                  U/jkpmia/m/it --> U/jkpmia/bx/it on input line 442.
LaTeX Font Info:    Overwriting symbol font `lettersA' in version `sf'
(Font)                  U/jkpmia/m/it --> U/jkpssmia/m/it on input line 443.
LaTeX Font Info:    Overwriting symbol font `lettersA' in version `boldsf'
(Font)                  U/jkpmia/m/it --> U/jkpssmia/bx/it on input line 444.
LaTeX Font Info:    Redeclaring symbol font `symbols' on input line 456.
LaTeX Font Info:    Overwriting symbol font `symbols' in version `normal'
(Font)                  OMS/cmsy/m/n --> OMS/jkp/m/n on input line 456.
LaTeX Font Info:    Overwriting symbol font `symbols' in version `bold'
(Font)                  OMS/cmsy/b/n --> OMS/jkp/m/n on input line 456.
LaTeX Font Info:    Overwriting symbol font `symbols' in version `rm'
(Font)                  OMS/cmsy/m/n --> OMS/jkp/m/n on input line 456.
LaTeX Font Info:    Overwriting symbol font `symbols' in version `boldrm'
(Font)                  OMS/cmsy/m/n --> OMS/jkp/m/n on input line 456.
LaTeX Font Info:    Overwriting symbol font `symbols' in version `sf'
(Font)                  OMS/cmsy/m/n --> OMS/jkp/m/n on input line 456.
LaTeX Font Info:    Overwriting symbol font `symbols' in version `boldsf'
(Font)                  OMS/cmsy/m/n --> OMS/jkp/m/n on input line 456.
LaTeX Font Info:    Overwriting symbol font `symbols' in version `bold'
(Font)                  OMS/jkp/m/n --> OMS/jkp/bx/n on input line 457.
LaTeX Font Info:    Overwriting symbol font `symbols' in version `rm'
(Font)                  OMS/jkp/m/n --> OMS/jkp/m/n on input line 459.
LaTeX Font Info:    Overwriting symbol font `symbols' in version `boldrm'
(Font)                  OMS/jkp/m/n --> OMS/jkp/bx/n on input line 460.
LaTeX Font Info:    Overwriting symbol font `symbols' in version `sf'
(Font)                  OMS/jkp/m/n --> OMS/jkp/m/n on input line 461.
LaTeX Font Info:    Overwriting symbol font `symbols' in version `boldsf'
(Font)                  OMS/jkp/m/n --> OMS/jkp/bx/n on input line 462.
\symAMSa=\mathgroup5
LaTeX Font Info:    Overwriting symbol font `AMSa' in version `bold'
(Font)                  U/jkpsya/m/n --> U/jkpsya/bx/n on input line 476.
LaTeX Font Info:    Overwriting symbol font `AMSa' in version `rm'
(Font)                  U/jkpsya/m/n --> U/jkpsya/m/n on input line 477.
LaTeX Font Info:    Overwriting symbol font `AMSa' in version `boldrm'
(Font)                  U/jkpsya/m/n --> U/jkpsya/bx/n on input line 478.
LaTeX Font Info:    Overwriting symbol font `AMSa' in version `sf'
(Font)                  U/jkpsya/m/n --> U/jkpsya/m/n on input line 479.
LaTeX Font Info:    Overwriting symbol font `AMSa' in version `boldsf'
(Font)                  U/jkpsya/m/n --> U/jkpsya/bx/n on input line 480.
\symAMSb=\mathgroup6
LaTeX Font Info:    Overwriting symbol font `AMSb' in version `bold'
(Font)                  U/jkpsyb/m/n --> U/jkpsyb/bx/n on input line 529.
LaTeX Font Info:    Overwriting symbol font `AMSb' in version `rm'
(Font)                  U/jkpsyb/m/n --> U/jkpsyb/m/n on input line 530.
LaTeX Font Info:    Overwriting symbol font `AMSb' in version `boldrm'
(Font)                  U/jkpsyb/m/n --> U/jkpsyb/bx/n on input line 531.
LaTeX Font Info:    Overwriting symbol font `AMSb' in version `sf'
(Font)                  U/jkpsyb/m/n --> U/jkpsssyb/m/n on input line 532.
LaTeX Font Info:    Overwriting symbol font `AMSb' in version `boldsf'
(Font)                  U/jkpsyb/m/n --> U/jkpsssyb/bx/n on input line 533.
\symsymbolsC=\mathgroup7
LaTeX Font Info:    Overwriting symbol font `symbolsC' in version `bold'
(Font)                  U/jkpsyc/m/n --> U/jkpsyc/bx/n on input line 549.
LaTeX Font Info:    Overwriting symbol font `symbolsC' in version `rm'
(Font)                  U/jkpsyc/m/n --> U/jkpsyc/m/n on input line 551.
LaTeX Font Info:    Overwriting symbol font `symbolsC' in version `boldrm'
(Font)                  U/jkpsyc/m/n --> U/jkpsyc/bx/n on input line 552.
LaTeX Font Info:    Overwriting symbol font `symbolsC' in version `sf'
(Font)                  U/jkpsyc/m/n --> U/jkpsyc/m/n on input line 553.
LaTeX Font Info:    Overwriting symbol font `symbolsC' in version `boldsf'
(Font)                  U/jkpsyc/m/n --> U/jkpsyc/bx/n on input line 554.
LaTeX Font Info:    Overwriting math alphabet `\mathscr' in version `bold'
(Font)                  U/jkpsyd/m/n --> U/jkpsyd/bx/n on input line 583.
LaTeX Font Info:    Overwriting math alphabet `\mathscr' in version `rm'
(Font)                  U/jkpsyd/m/n --> U/jkpsyd/m/n on input line 585.
LaTeX Font Info:    Overwriting math alphabet `\mathscr' in version `boldrm'
(Font)                  U/jkpsyd/m/n --> U/jkpsyd/bx/n on input line 586.
LaTeX Font Info:    Overwriting math alphabet `\mathscr' in version `sf'
(Font)                  U/jkpsyd/m/n --> U/jkpsyd/m/n on input line 587.
LaTeX Font Info:    Overwriting math alphabet `\mathscr' in version `boldsf'
(Font)                  U/jkpsyd/m/n --> U/jkpsyd/bx/n on input line 588.
LaTeX Font Info:    Redeclaring symbol font `largesymbols' on input line 598.
LaTeX Font Info:    Overwriting symbol font `largesymbols' in version `normal'
(Font)                  OMX/cmex/m/n --> OMX/jkp/m/n on input line 598.
LaTeX Font Info:    Overwriting symbol font `largesymbols' in version `bold'
(Font)                  OMX/cmex/m/n --> OMX/jkp/m/n on input line 598.
LaTeX Font Info:    Overwriting symbol font `largesymbols' in version `rm'
(Font)                  OMX/cmex/m/n --> OMX/jkp/m/n on input line 598.
LaTeX Font Info:    Overwriting symbol font `largesymbols' in version `boldrm'
(Font)                  OMX/cmex/m/n --> OMX/jkp/m/n on input line 598.
LaTeX Font Info:    Overwriting symbol font `largesymbols' in version `sf'
(Font)                  OMX/cmex/m/n --> OMX/jkp/m/n on input line 598.
LaTeX Font Info:    Overwriting symbol font `largesymbols' in version `boldsf'
(Font)                  OMX/cmex/m/n --> OMX/jkp/m/n on input line 598.
LaTeX Font Info:    Overwriting symbol font `largesymbols' in version `bold'
(Font)                  OMX/jkp/m/n --> OMX/jkp/bx/n on input line 599.
LaTeX Font Info:    Overwriting symbol font `largesymbols' in version `rm'
(Font)                  OMX/jkp/m/n --> OMX/jkp/m/n on input line 601.
LaTeX Font Info:    Overwriting symbol font `largesymbols' in version `boldrm'
(Font)                  OMX/jkp/m/n --> OMX/jkp/bx/n on input line 602.
LaTeX Font Info:    Overwriting symbol font `largesymbols' in version `sf'
(Font)                  OMX/jkp/m/n --> OMX/jkpss/m/n on input line 603.
LaTeX Font Info:    Overwriting symbol font `largesymbols' in version `boldsf'
(Font)                  OMX/jkp/m/n --> OMX/jkpss/bx/n on input line 604.
\symlargesymbolsA=\mathgroup8
LaTeX Font Info:    Overwriting symbol font `largesymbolsA' in version `bold'
(Font)                  U/jkpexa/m/n --> U/jkpexa/bx/n on input line 615.
LaTeX Font Info:    Overwriting symbol font `largesymbolsA' in version `rm'
(Font)                  U/jkpexa/m/n --> U/jkpexa/m/n on input line 617.
LaTeX Font Info:    Overwriting symbol font `largesymbolsA' in version `boldrm'

(Font)                  U/jkpexa/m/n --> U/jkpexa/bx/n on input line 618.
LaTeX Font Info:    Overwriting symbol font `largesymbolsA' in version `sf'
(Font)                  U/jkpexa/m/n --> U/jkpexa/m/n on input line 619.
LaTeX Font Info:    Overwriting symbol font `largesymbolsA' in version `boldsf'

(Font)                  U/jkpexa/m/n --> U/jkpexa/bx/n on input line 620.
LaTeX Font Info:    Redeclaring math symbol \hbar on input line 940.
LaTeX Info: Redefining \not on input line 1580.
)
(/usr/share/texmf-dist/tex/latex/base/fontenc.sty
Package: fontenc 2018/08/11 v2.0j Standard LaTeX package

(/usr/share/texmf-dist/tex/latex/base/t1enc.def
File: t1enc.def 2018/08/11 v2.0j Standard LaTeX file
LaTeX Font Info:    Redeclaring font encoding T1 on input line 48.
))
(/usr/share/texmf-dist/tex/latex/url/url.sty
\Urlmuskip=\muskip11
Package: url 2013/09/16  ver 3.4  Verb mode for urls, etc.
)
(/usr/share/texmf-dist/tex/latex/hyperref/hyperref.sty
Package: hyperref 2019/09/28 v7.00a Hypertext links for LaTeX

(/usr/share/texmf-dist/tex/generic/oberdiek/hobsub-hyperref.sty
Package: hobsub-hyperref 2016/05/16 v1.14 Bundle oberdiek, subset hyperref (HO)


(/usr/share/texmf-dist/tex/generic/oberdiek/hobsub-generic.sty
Package: hobsub-generic 2016/05/16 v1.14 Bundle oberdiek, subset generic (HO)
Package: hobsub 2016/05/16 v1.14 Construct package bundles (HO)
Package: infwarerr 2016/05/16 v1.4 Providing info/warning/error messages (HO)
Package: ltxcmds 2016/05/16 v1.23 LaTeX kernel commands for general use (HO)
Package: ifluatex 2016/05/16 v1.4 Provides the ifluatex switch (HO)
Package ifluatex Info: LuaTeX not detected.
Package hobsub Info: Skipping package `ifvtex' (already loaded).
Package: intcalc 2016/05/16 v1.2 Expandable calculations with integers (HO)
Package hobsub Info: Skipping package `ifpdf' (already loaded).
Package: etexcmds 2016/05/16 v1.6 Avoid name clashes with e-TeX commands (HO)
Package: kvsetkeys 2016/05/16 v1.17 Key value parser (HO)
Package: kvdefinekeys 2016/05/16 v1.4 Define keys (HO)
Package: pdftexcmds 2019/07/25 v0.30 Utility functions of pdfTeX for LuaTeX (HO
)
Package pdftexcmds Info: LuaTeX not detected.
Package pdftexcmds Info: \pdf@primitive is available.
Package pdftexcmds Info: \pdf@ifprimitive is available.
Package pdftexcmds Info: \pdfdraftmode found.
Package: pdfescape 2016/05/16 v1.14 Implements pdfTeX's escape features (HO)
Package: bigintcalc 2016/05/16 v1.4 Expandable calculations on big integers (HO
)
Package: bitset 2016/05/16 v1.2 Handle bit-vector datatype (HO)
Package: uniquecounter 2016/05/16 v1.3 Provide unlimited unique counter (HO)
)
Package hobsub Info: Skipping package `hobsub' (already loaded).
Package: letltxmacro 2016/05/16 v1.5 Let assignment for LaTeX macros (HO)
Package: hopatch 2016/05/16 v1.3 Wrapper for package hooks (HO)
Package: xcolor-patch 2016/05/16 xcolor patch
Package: atveryend 2016/05/16 v1.9 Hooks at the very end of document (HO)
Package atveryend Info: \enddocument detected (standard20110627).
Package: atbegshi 2016/06/09 v1.18 At begin shipout hook (HO)
Package: refcount 2016/05/16 v3.5 Data extraction from label references (HO)
Package: hycolor 2016/05/16 v1.8 Color options for hyperref/bookmark (HO)
)
(/usr/share/texmf-dist/tex/latex/oberdiek/auxhook.sty
Package: auxhook 2016/05/16 v1.4 Hooks for auxiliary files (HO)
)
(/usr/share/texmf-dist/tex/latex/oberdiek/kvoptions.sty
Package: kvoptions 2016/05/16 v3.12 Key value format for package options (HO)
)
\@linkdim=\dimen123
\Hy@linkcounter=\count109
\Hy@pagecounter=\count110

(/usr/share/texmf-dist/tex/latex/hyperref/pd1enc.def
File: pd1enc.def 2019/09/28 v7.00a Hyperref: PDFDocEncoding definition (HO)
Now handling font encoding PD1 ...
... no UTF-8 mapping file for font encoding PD1
)
\Hy@SavedSpaceFactor=\count111

(/usr/share/texmf-dist/tex/latex/latexconfig/hyperref.cfg
File: hyperref.cfg 2002/06/06 v1.2 hyperref configuration of TeXLive
)
Package hyperref Info: Hyper figures OFF on input line 4540.
Package hyperref Info: Link nesting OFF on input line 4545.
Package hyperref Info: Hyper index ON on input line 4548.
Package hyperref Info: Plain pages OFF on input line 4555.
Package hyperref Info: Backreferencing OFF on input line 4560.
Package hyperref Info: Implicit mode ON; LaTeX internals redefined.
Package hyperref Info: Bookmarks ON on input line 4793.
\c@Hy@tempcnt=\count112
LaTeX Info: Redefining \url on input line 5152.
\XeTeXLinkMargin=\dimen124
\Fld@menulength=\count113
\Field@Width=\dimen125
\Fld@charsize=\dimen126
Package hyperref Info: Hyper figures OFF on input line 6423.
Package hyperref Info: Link nesting OFF on input line 6428.
Package hyperref Info: Hyper index ON on input line 6431.
Package hyperref Info: backreferencing OFF on input line 6438.
Package hyperref Info: Link coloring OFF on input line 6443.
Package hyperref Info: Link coloring with OCG OFF on input line 6448.
Package hyperref Info: PDF/A mode OFF on input line 6453.
LaTeX Info: Redefining \ref on input line 6493.
LaTeX Info: Redefining \pageref on input line 6497.
\Hy@abspage=\count114
\c@Item=\count115
\c@Hfootnote=\count116
)
Package hyperref Info: Driver (autodetected): hpdftex.

(/usr/share/texmf-dist/tex/latex/hyperref/hpdftex.def
File: hpdftex.def 2019/09/28 v7.00a Hyperref driver for pdfTeX
\Fld@listcount=\count117
\c@bookmark@seq@number=\count118

(/usr/share/texmf-dist/tex/latex/oberdiek/rerunfilecheck.sty
Package: rerunfilecheck 2016/05/16 v1.8 Rerun checks for auxiliary files (HO)
Package uniquecounter Info: New unique counter `rerunfilecheck' on input line 2
82.
)
\Hy@SectionHShift=\skip55
)
(/usr/share/texmf-dist/tex/latex/listings/listings.sty
\lst@mode=\count119
\lst@gtempboxa=\box29
\lst@token=\toks23
\lst@length=\count120
\lst@currlwidth=\dimen127
\lst@column=\count121
\lst@pos=\count122
\lst@lostspace=\dimen128
\lst@width=\dimen129
\lst@newlines=\count123
\lst@lineno=\count124
\lst@maxwidth=\dimen130

(/usr/share/texmf-dist/tex/latex/listings/lstmisc.sty
File: lstmisc.sty 2019/09/10 1.8c (Carsten Heinz)
\c@lstnumber=\count125
\lst@skipnumbers=\count126
\lst@framebox=\box30
)
(/usr/share/texmf-dist/tex/latex/listings/listings.cfg
File: listings.cfg 2019/09/10 1.8c listings configuration
))
Package: listings 2019/09/10 1.8c (Carsten Heinz)

(/usr/share/texmf-dist/tex/latex/tools/indentfirst.sty
Package: indentfirst 1995/11/23 v1.03 Indent first paragraph (DPC)
)
(/usr/share/texmf-dist/tex/latex/titlesec/titlesec.sty
Package: titlesec 2019/10/16 v2.13 Sectioning titles
\ttl@box=\box31
\beforetitleunit=\skip56
\aftertitleunit=\skip57
\ttl@plus=\dimen131
\ttl@minus=\dimen132
\ttl@toksa=\toks24
\titlewidth=\dimen133
\titlewidthlast=\dimen134
\titlewidthfirst=\dimen135
)
(/usr/share/texmf-dist/tex/latex/graphics/color.sty
Package: color 2016/07/10 v1.1e Standard LaTeX Color (DPC)

(/usr/share/texmf-dist/tex/latex/graphics-cfg/color.cfg
File: color.cfg 2016/01/02 v1.6 sample color configuration
)
Package color Info: Driver file: pdftex.def on input line 147.
)
(/usr/share/texmf-dist/tex/latex/tools/multicol.sty
Package: multicol 2019/03/01 v1.8w multicolumn formatting (FMi)
\c@tracingmulticols=\count127
\mult@box=\box32
\multicol@leftmargin=\dimen136
\c@unbalance=\count128
\c@collectmore=\count129
\doublecol@number=\count130
\multicoltolerance=\count131
\multicolpretolerance=\count132
\full@width=\dimen137
\page@free=\dimen138
\premulticols=\dimen139
\postmulticols=\dimen140
\multicolsep=\skip58
\multicolbaselineskip=\skip59
\partial@page=\box33
\last@line=\box34
\maxbalancingoverflow=\dimen141
\mult@rightbox=\box35
\mult@grightbox=\box36
\mult@gfirstbox=\box37
\mult@firstbox=\box38
\@tempa=\box39
\@tempa=\box40
\@tempa=\box41
\@tempa=\box42
\@tempa=\box43
\@tempa=\box44
\@tempa=\box45
\@tempa=\box46
\@tempa=\box47
\@tempa=\box48
\@tempa=\box49
\@tempa=\box50
\@tempa=\box51
\@tempa=\box52
\@tempa=\box53
\@tempa=\box54
\@tempa=\box55
\c@minrows=\count133
\c@columnbadness=\count134
\c@finalcolumnbadness=\count135
\last@try=\dimen142
\multicolovershoot=\dimen143
\multicolundershoot=\dimen144
\mult@nat@firstbox=\box56
\colbreak@box=\box57
\mc@col@check@num=\count136
)
(/usr/share/texmf-dist/tex/latex/wrapfig/wrapfig.sty
\wrapoverhang=\dimen145
\WF@size=\dimen146
\c@WF@wrappedlines=\count137
\WF@box=\box58
\WF@everypar=\toks25
Package: wrapfig 2003/01/31  v 3.6
)
(/usr/share/texmf-dist/tex/latex/tools/array.sty
Package: array 2019/08/31 v2.4l Tabular extension package (FMi)
\col@sep=\dimen147
\ar@mcellbox=\box59
\extrarowheight=\dimen148
\NC@list=\toks26
\extratabsurround=\skip60
\backup@length=\skip61
\ar@cellbox=\box60
)
(/usr/share/texmf-dist/tex/latex/makecell/makecell.sty
Package: makecell 2009/08/03 V0.1e Managing of Tab Column Heads and Cells
\rotheadsize=\dimen149
\c@nlinenum=\count138
\TeXr@lab=\toks27
)
(/usr/share/texmf-dist/tex/latex/booktabs/booktabs.sty
Package: booktabs 2019/10/08 v1.6180339 publication quality tables
\heavyrulewidth=\dimen150
\lightrulewidth=\dimen151
\cmidrulewidth=\dimen152
\belowrulesep=\dimen153
\belowbottomsep=\dimen154
\aboverulesep=\dimen155
\abovetopsep=\dimen156
\cmidrulesep=\dimen157
\cmidrulekern=\dimen158
\defaultaddspace=\dimen159
\@cmidla=\count139
\@cmidlb=\count140
\@aboverulesep=\dimen160
\@belowrulesep=\dimen161
\@thisruleclass=\count141
\@lastruleclass=\count142
\@thisrulewidth=\dimen162
)
(/usr/share/texmf-dist/tex/latex/multirow/multirow.sty
Package: multirow 2019/05/31 v2.5 Span multiple rows of a table
\multirow@colwidth=\skip62
\multirow@cntb=\count143
\multirow@dima=\skip63
\bigstrutjot=\dimen163
)
(/usr/share/texmf-dist/tex/latex/tools/verbatim.sty
Package: verbatim 2014/10/28 v1.5q LaTeX2e package for verbatim enhancements
\every@verbatim=\toks28
\verbatim@line=\toks29
\verbatim@in@stream=\read1
)
(/usr/share/texmf-dist/tex/latex/enumitem/enumitem.sty
Package: enumitem 2019/06/20 v3.9 Customized lists
\labelindent=\skip64
\enit@outerparindent=\dimen164
\enit@toks=\toks30
\enit@inbox=\box61
\enit@count@id=\count144
\enitdp@description=\count145
)
(/usr/share/texmf-dist/tex/latex/pdfpages/pdfpages.sty
Package: pdfpages 2019/09/21 v0.5n Insert pages of external PDF documents (AM)

(/usr/share/texmf-dist/tex/latex/base/ifthen.sty
Package: ifthen 2014/09/29 v1.1c Standard LaTeX ifthen package (DPC)
)
(/usr/share/texmf-dist/tex/latex/tools/calc.sty
Package: calc 2017/05/25 v4.3 Infix arithmetic (KKT,FJ)
\calc@Acount=\count146
\calc@Bcount=\count147
\calc@Adimen=\dimen165
\calc@Bdimen=\dimen166
\calc@Askip=\skip65
\calc@Bskip=\skip66
LaTeX Info: Redefining \setlength on input line 80.
LaTeX Info: Redefining \addtolength on input line 81.
\calc@Ccount=\count148
\calc@Cskip=\skip67
)
(/usr/share/texmf-dist/tex/latex/eso-pic/eso-pic.sty
Package: eso-pic 2018/04/12 v2.0h eso-pic (RN)
)
\AM@pagewidth=\dimen167
\AM@pageheight=\dimen168

(/usr/share/texmf-dist/tex/latex/pdfpages/pppdftex.def
File: pppdftex.def 2019/09/21 v0.5n Pdfpages driver for pdfTeX (AM)
)
\AM@pagebox=\box62
\AM@global@opts=\toks31
\AM@toc@title=\toks32
\c@AM@survey=\count149
\AM@templatesizebox=\box63
)
(/usr/share/texmf-dist/tex/latex/float/float.sty
Package: float 2001/11/08 v1.3d Float enhancements (AL)
\c@float@type=\count150
\float@exts=\toks33
\float@box=\box64
\@float@everytoks=\toks34
\@floatcapt=\box65
)
(/usr/share/texmf-dist/tex/latex/forest/forest.sty
Package: forest 2017/07/14 v2.1.5 Drawing (linguistic) trees

(/usr/share/texmf-dist/tex/latex/pgf/frontendlayer/tikz.sty
(/usr/share/texmf-dist/tex/latex/pgf/basiclayer/pgf.sty
(/usr/share/texmf-dist/tex/latex/pgf/utilities/pgfrcs.sty
(/usr/share/texmf-dist/tex/generic/pgf/utilities/pgfutil-common.tex
\pgfutil@everybye=\toks35
\pgfutil@tempdima=\dimen169
\pgfutil@tempdimb=\dimen170

(/usr/share/texmf-dist/tex/generic/pgf/utilities/pgfutil-common-lists.tex))
(/usr/share/texmf-dist/tex/generic/pgf/utilities/pgfutil-latex.def
\pgfutil@abb=\box66

(/usr/share/texmf-dist/tex/latex/ms/everyshi.sty
Package: everyshi 2001/05/15 v3.00 EveryShipout Package (MS)
))
(/usr/share/texmf-dist/tex/generic/pgf/utilities/pgfrcs.code.tex
(/usr/share/texmf-dist/tex/generic/pgf/pgf.revision.tex)
Package: pgfrcs 2019/08/03 v3.1.4b (3.1.4b)
))
Package: pgf 2019/08/03 v3.1.4b (3.1.4b)

(/usr/share/texmf-dist/tex/latex/pgf/basiclayer/pgfcore.sty
(/usr/share/texmf-dist/tex/latex/pgf/systemlayer/pgfsys.sty
(/usr/share/texmf-dist/tex/generic/pgf/systemlayer/pgfsys.code.tex
Package: pgfsys 2019/08/03 v3.1.4b (3.1.4b)

(/usr/share/texmf-dist/tex/generic/pgf/utilities/pgfkeys.code.tex
\pgfkeys@pathtoks=\toks36
\pgfkeys@temptoks=\toks37

(/usr/share/texmf-dist/tex/generic/pgf/utilities/pgfkeysfiltered.code.tex
\pgfkeys@tmptoks=\toks38
))
\pgf@x=\dimen171
\pgf@y=\dimen172
\pgf@xa=\dimen173
\pgf@ya=\dimen174
\pgf@xb=\dimen175
\pgf@yb=\dimen176
\pgf@xc=\dimen177
\pgf@yc=\dimen178
\pgf@xd=\dimen179
\pgf@yd=\dimen180
\w@pgf@writea=\write3
\r@pgf@reada=\read2
\c@pgf@counta=\count151
\c@pgf@countb=\count152
\c@pgf@countc=\count153
\c@pgf@countd=\count154
\t@pgf@toka=\toks39
\t@pgf@tokb=\toks40
\t@pgf@tokc=\toks41
\pgf@sys@id@count=\count155

(/usr/share/texmf-dist/tex/generic/pgf/systemlayer/pgf.cfg
File: pgf.cfg 2019/08/03 v3.1.4b (3.1.4b)
)
Driver file for pgf: pgfsys-pdftex.def

(/usr/share/texmf-dist/tex/generic/pgf/systemlayer/pgfsys-pdftex.def
File: pgfsys-pdftex.def 2019/08/03 v3.1.4b (3.1.4b)

(/usr/share/texmf-dist/tex/generic/pgf/systemlayer/pgfsys-common-pdf.def
File: pgfsys-common-pdf.def 2019/08/03 v3.1.4b (3.1.4b)
)))
(/usr/share/texmf-dist/tex/generic/pgf/systemlayer/pgfsyssoftpath.code.tex
File: pgfsyssoftpath.code.tex 2019/08/03 v3.1.4b (3.1.4b)
\pgfsyssoftpath@smallbuffer@items=\count156
\pgfsyssoftpath@bigbuffer@items=\count157
)
(/usr/share/texmf-dist/tex/generic/pgf/systemlayer/pgfsysprotocol.code.tex
File: pgfsysprotocol.code.tex 2019/08/03 v3.1.4b (3.1.4b)
))
(/usr/share/texmf-dist/tex/latex/xcolor/xcolor.sty
Package: xcolor 2016/05/11 v2.12 LaTeX color extensions (UK)

(/usr/share/texmf-dist/tex/latex/graphics-cfg/color.cfg
File: color.cfg 2016/01/02 v1.6 sample color configuration
)
Package xcolor Info: Driver file: pdftex.def on input line 225.
LaTeX Info: Redefining \color on input line 709.
Package xcolor Info: Model `cmy' substituted by `cmy0' on input line 1348.
Package xcolor Info: Model `hsb' substituted by `rgb' on input line 1352.
Package xcolor Info: Model `RGB' extended on input line 1364.
Package xcolor Info: Model `HTML' substituted by `rgb' on input line 1366.
Package xcolor Info: Model `Hsb' substituted by `hsb' on input line 1367.
Package xcolor Info: Model `tHsb' substituted by `hsb' on input line 1368.
Package xcolor Info: Model `HSB' substituted by `hsb' on input line 1369.
Package xcolor Info: Model `Gray' substituted by `gray' on input line 1370.
Package xcolor Info: Model `wave' substituted by `hsb' on input line 1371.
)
(/usr/share/texmf-dist/tex/generic/pgf/basiclayer/pgfcore.code.tex
Package: pgfcore 2019/08/03 v3.1.4b (3.1.4b)

(/usr/share/texmf-dist/tex/generic/pgf/math/pgfmath.code.tex
(/usr/share/texmf-dist/tex/generic/pgf/math/pgfmathcalc.code.tex
(/usr/share/texmf-dist/tex/generic/pgf/math/pgfmathutil.code.tex)
(/usr/share/texmf-dist/tex/generic/pgf/math/pgfmathparser.code.tex
\pgfmath@dimen=\dimen181
\pgfmath@count=\count158
\pgfmath@box=\box67
\pgfmath@toks=\toks42
\pgfmath@stack@operand=\toks43
\pgfmath@stack@operation=\toks44
)
(/usr/share/texmf-dist/tex/generic/pgf/math/pgfmathfunctions.code.tex
(/usr/share/texmf-dist/tex/generic/pgf/math/pgfmathfunctions.basic.code.tex)
(/usr/share/texmf-dist/tex/generic/pgf/math/pgfmathfunctions.trigonometric.code
.tex)
(/usr/share/texmf-dist/tex/generic/pgf/math/pgfmathfunctions.random.code.tex)
(/usr/share/texmf-dist/tex/generic/pgf/math/pgfmathfunctions.comparison.code.te
x) (/usr/share/texmf-dist/tex/generic/pgf/math/pgfmathfunctions.base.code.tex)
(/usr/share/texmf-dist/tex/generic/pgf/math/pgfmathfunctions.round.code.tex)
(/usr/share/texmf-dist/tex/generic/pgf/math/pgfmathfunctions.misc.code.tex)
(/usr/share/texmf-dist/tex/generic/pgf/math/pgfmathfunctions.integerarithmetics
.code.tex))) (/usr/share/texmf-dist/tex/generic/pgf/math/pgfmathfloat.code.tex
\c@pgfmathroundto@lastzeros=\count159
)) (/usr/share/texmf-dist/tex/generic/pgf/math/pgfint.code.tex)
(/usr/share/texmf-dist/tex/generic/pgf/basiclayer/pgfcorepoints.code.tex
File: pgfcorepoints.code.tex 2019/08/03 v3.1.4b (3.1.4b)
\pgf@picminx=\dimen182
\pgf@picmaxx=\dimen183
\pgf@picminy=\dimen184
\pgf@picmaxy=\dimen185
\pgf@pathminx=\dimen186
\pgf@pathmaxx=\dimen187
\pgf@pathminy=\dimen188
\pgf@pathmaxy=\dimen189
\pgf@xx=\dimen190
\pgf@xy=\dimen191
\pgf@yx=\dimen192
\pgf@yy=\dimen193
\pgf@zx=\dimen194
\pgf@zy=\dimen195
)
(/usr/share/texmf-dist/tex/generic/pgf/basiclayer/pgfcorepathconstruct.code.tex
File: pgfcorepathconstruct.code.tex 2019/08/03 v3.1.4b (3.1.4b)
\pgf@path@lastx=\dimen196
\pgf@path@lasty=\dimen197
) (/usr/share/texmf-dist/tex/generic/pgf/basiclayer/pgfcorepathusage.code.tex
File: pgfcorepathusage.code.tex 2019/08/03 v3.1.4b (3.1.4b)
\pgf@shorten@end@additional=\dimen198
\pgf@shorten@start@additional=\dimen199
)
(/usr/share/texmf-dist/tex/generic/pgf/basiclayer/pgfcorescopes.code.tex
File: pgfcorescopes.code.tex 2019/08/03 v3.1.4b (3.1.4b)
\pgfpic=\box68
\pgf@hbox=\box69
\pgf@layerbox@main=\box70
\pgf@picture@serial@count=\count160
)
(/usr/share/texmf-dist/tex/generic/pgf/basiclayer/pgfcoregraphicstate.code.tex
File: pgfcoregraphicstate.code.tex 2019/08/03 v3.1.4b (3.1.4b)
\pgflinewidth=\dimen256
)
(/usr/share/texmf-dist/tex/generic/pgf/basiclayer/pgfcoretransformations.code.t
ex
File: pgfcoretransformations.code.tex 2019/08/03 v3.1.4b (3.1.4b)
\pgf@pt@x=\dimen257
\pgf@pt@y=\dimen258
\pgf@pt@temp=\dimen259
) (/usr/share/texmf-dist/tex/generic/pgf/basiclayer/pgfcorequick.code.tex
File: pgfcorequick.code.tex 2019/08/03 v3.1.4b (3.1.4b)
)
(/usr/share/texmf-dist/tex/generic/pgf/basiclayer/pgfcoreobjects.code.tex
File: pgfcoreobjects.code.tex 2019/08/03 v3.1.4b (3.1.4b)
)
(/usr/share/texmf-dist/tex/generic/pgf/basiclayer/pgfcorepathprocessing.code.te
x
File: pgfcorepathprocessing.code.tex 2019/08/03 v3.1.4b (3.1.4b)
) (/usr/share/texmf-dist/tex/generic/pgf/basiclayer/pgfcorearrows.code.tex
File: pgfcorearrows.code.tex 2019/08/03 v3.1.4b (3.1.4b)
\pgfarrowsep=\dimen260
)
(/usr/share/texmf-dist/tex/generic/pgf/basiclayer/pgfcoreshade.code.tex
File: pgfcoreshade.code.tex 2019/08/03 v3.1.4b (3.1.4b)
\pgf@max=\dimen261
\pgf@sys@shading@range@num=\count161
\pgf@shadingcount=\count162
)
(/usr/share/texmf-dist/tex/generic/pgf/basiclayer/pgfcoreimage.code.tex
File: pgfcoreimage.code.tex 2019/08/03 v3.1.4b (3.1.4b)

(/usr/share/texmf-dist/tex/generic/pgf/basiclayer/pgfcoreexternal.code.tex
File: pgfcoreexternal.code.tex 2019/08/03 v3.1.4b (3.1.4b)
\pgfexternal@startupbox=\box71
))
(/usr/share/texmf-dist/tex/generic/pgf/basiclayer/pgfcorelayers.code.tex
File: pgfcorelayers.code.tex 2019/08/03 v3.1.4b (3.1.4b)
)
(/usr/share/texmf-dist/tex/generic/pgf/basiclayer/pgfcoretransparency.code.tex
File: pgfcoretransparency.code.tex 2019/08/03 v3.1.4b (3.1.4b)
) (/usr/share/texmf-dist/tex/generic/pgf/basiclayer/pgfcorepatterns.code.tex
File: pgfcorepatterns.code.tex 2019/08/03 v3.1.4b (3.1.4b)
)
(/usr/share/texmf-dist/tex/generic/pgf/basiclayer/pgfcorerdf.code.tex
File: pgfcorerdf.code.tex 2019/08/03 v3.1.4b (3.1.4b)
)))
(/usr/share/texmf-dist/tex/generic/pgf/modules/pgfmoduleshapes.code.tex
File: pgfmoduleshapes.code.tex 2019/08/03 v3.1.4b (3.1.4b)
\pgfnodeparttextbox=\box72
)
(/usr/share/texmf-dist/tex/generic/pgf/modules/pgfmoduleplot.code.tex
File: pgfmoduleplot.code.tex 2019/08/03 v3.1.4b (3.1.4b)
)
(/usr/share/texmf-dist/tex/latex/pgf/compatibility/pgfcomp-version-0-65.sty
Package: pgfcomp-version-0-65 2019/08/03 v3.1.4b (3.1.4b)
\pgf@nodesepstart=\dimen262
\pgf@nodesepend=\dimen263
)
(/usr/share/texmf-dist/tex/latex/pgf/compatibility/pgfcomp-version-1-18.sty
Package: pgfcomp-version-1-18 2019/08/03 v3.1.4b (3.1.4b)
))
(/usr/share/texmf-dist/tex/latex/pgf/utilities/pgffor.sty
(/usr/share/texmf-dist/tex/latex/pgf/utilities/pgfkeys.sty
(/usr/share/texmf-dist/tex/generic/pgf/utilities/pgfkeys.code.tex))
(/usr/share/texmf-dist/tex/latex/pgf/math/pgfmath.sty
(/usr/share/texmf-dist/tex/generic/pgf/math/pgfmath.code.tex))
(/usr/share/texmf-dist/tex/generic/pgf/utilities/pgffor.code.tex
Package: pgffor 2019/08/03 v3.1.4b (3.1.4b)

(/usr/share/texmf-dist/tex/generic/pgf/math/pgfmath.code.tex)
\pgffor@iter=\dimen264
\pgffor@skip=\dimen265
\pgffor@stack=\toks45
\pgffor@toks=\toks46
))
(/usr/share/texmf-dist/tex/generic/pgf/frontendlayer/tikz/tikz.code.tex
Package: tikz 2019/08/03 v3.1.4b (3.1.4b)

(/usr/share/texmf-dist/tex/generic/pgf/libraries/pgflibraryplothandlers.code.te
x
File: pgflibraryplothandlers.code.tex 2019/08/03 v3.1.4b (3.1.4b)
\pgf@plot@mark@count=\count163
\pgfplotmarksize=\dimen266
)
\tikz@lastx=\dimen267
\tikz@lasty=\dimen268
\tikz@lastxsaved=\dimen269
\tikz@lastysaved=\dimen270
\tikz@lastmovetox=\dimen271
\tikz@lastmovetoy=\dimen272
\tikzleveldistance=\dimen273
\tikzsiblingdistance=\dimen274
\tikz@figbox=\box73
\tikz@figbox@bg=\box74
\tikz@tempbox=\box75
\tikz@tempbox@bg=\box76
\tikztreelevel=\count164
\tikznumberofchildren=\count165
\tikznumberofcurrentchild=\count166
\tikz@fig@count=\count167
 (/usr/share/texmf-dist/tex/generic/pgf/modules/pgfmodulematrix.code.tex
File: pgfmodulematrix.code.tex 2019/08/03 v3.1.4b (3.1.4b)
\pgfmatrixcurrentrow=\count168
\pgfmatrixcurrentcolumn=\count169
\pgf@matrix@numberofcolumns=\count170
)
\tikz@expandcount=\count171

(/usr/share/texmf-dist/tex/generic/pgf/frontendlayer/tikz/libraries/tikzlibrary
topaths.code.tex
File: tikzlibrarytopaths.code.tex 2019/08/03 v3.1.4b (3.1.4b)
)))
(/usr/share/texmf-dist/tex/generic/pgf/frontendlayer/tikz/libraries/tikzlibrary
shapes.code.tex
File: tikzlibraryshapes.code.tex 2019/08/03 v3.1.4b (3.1.4b)

(/usr/share/texmf-dist/tex/generic/pgf/frontendlayer/tikz/libraries/tikzlibrary
shapes.geometric.code.tex
File: tikzlibraryshapes.geometric.code.tex 2019/08/03 v3.1.4b (3.1.4b)

(/usr/share/texmf-dist/tex/generic/pgf/libraries/shapes/pgflibraryshapes.geomet
ric.code.tex
File: pgflibraryshapes.geometric.code.tex 2019/08/03 v3.1.4b (3.1.4b)
))
(/usr/share/texmf-dist/tex/generic/pgf/frontendlayer/tikz/libraries/tikzlibrary
shapes.misc.code.tex
File: tikzlibraryshapes.misc.code.tex 2019/08/03 v3.1.4b (3.1.4b)

(/usr/share/texmf-dist/tex/generic/pgf/libraries/shapes/pgflibraryshapes.misc.c
ode.tex
File: pgflibraryshapes.misc.code.tex 2019/08/03 v3.1.4b (3.1.4b)
))
(/usr/share/texmf-dist/tex/generic/pgf/frontendlayer/tikz/libraries/tikzlibrary
shapes.symbols.code.tex
File: tikzlibraryshapes.symbols.code.tex 2019/08/03 v3.1.4b (3.1.4b)

(/usr/share/texmf-dist/tex/generic/pgf/libraries/shapes/pgflibraryshapes.symbol
s.code.tex
File: pgflibraryshapes.symbols.code.tex 2019/08/03 v3.1.4b (3.1.4b)
))
(/usr/share/texmf-dist/tex/generic/pgf/frontendlayer/tikz/libraries/tikzlibrary
shapes.arrows.code.tex
File: tikzlibraryshapes.arrows.code.tex 2019/08/03 v3.1.4b (3.1.4b)

(/usr/share/texmf-dist/tex/generic/pgf/libraries/shapes/pgflibraryshapes.arrows
.code.tex
File: pgflibraryshapes.arrows.code.tex 2019/08/03 v3.1.4b (3.1.4b)
))
(/usr/share/texmf-dist/tex/generic/pgf/frontendlayer/tikz/libraries/tikzlibrary
shapes.callouts.code.tex
(/usr/share/texmf-dist/tex/generic/pgf/libraries/shapes/pgflibraryshapes.callou
ts.code.tex))
(/usr/share/texmf-dist/tex/generic/pgf/frontendlayer/tikz/libraries/tikzlibrary
shapes.multipart.code.tex
File: tikzlibraryshapes.multipart.code.tex 2019/08/03 v3.1.4b (3.1.4b)

(/usr/share/texmf-dist/tex/generic/pgf/libraries/shapes/pgflibraryshapes.multip
art.code.tex
File: pgflibraryshapes.multipart.code.tex 2019/08/03 v3.1.4b (3.1.4b)
\pgfnodepartlowerbox=\box77
\pgfnodeparttwobox=\box78
\pgfnodepartthreebox=\box79
\pgfnodepartfourbox=\box80
\pgfnodeparttwentybox=\box81
\pgfnodepartnineteenbox=\box82
\pgfnodeparteighteenbox=\box83
\pgfnodepartseventeenbox=\box84
\pgfnodepartsixteenbox=\box85
\pgfnodepartfifteenbox=\box86
\pgfnodepartfourteenbox=\box87
\pgfnodepartthirteenbox=\box88
\pgfnodeparttwelvebox=\box89
\pgfnodepartelevenbox=\box90
\pgfnodeparttenbox=\box91
\pgfnodepartninebox=\box92
\pgfnodeparteightbox=\box93
\pgfnodepartsevenbox=\box94
\pgfnodepartsixbox=\box95
\pgfnodepartfivebox=\box96
)))
(/usr/share/texmf-dist/tex/generic/pgf/frontendlayer/tikz/libraries/tikzlibrary
fit.code.tex
File: tikzlibraryfit.code.tex 2019/08/03 v3.1.4b (3.1.4b)
)
(/usr/share/texmf-dist/tex/generic/pgf/frontendlayer/tikz/libraries/tikzlibrary
calc.code.tex
File: tikzlibrarycalc.code.tex 2019/08/03 v3.1.4b (3.1.4b)
)
(/usr/share/texmf-dist/tex/generic/pgf/libraries/pgflibraryintersections.code.t
ex (/usr/share/texmf-dist/tex/generic/pgf/libraries/pgflibraryfpu.code.tex)
\pgf@intersect@solutions=\count172
)
(/usr/share/texmf-dist/tex/latex/pgfopts/pgfopts.sty
Package: pgfopts 2014/07/10 v2.1a LaTeX package options with pgfkeys
\pgfopts@list@add@a@toks=\toks47
\pgfopts@list@add@b@toks=\toks48
)
(/usr/share/texmf-dist/tex/latex/etoolbox/etoolbox.sty
Package: etoolbox 2019/09/21 v2.5h e-TeX tools for LaTeX (JAW)
\etb@tempcnta=\count173
)
(/usr/share/texmf-dist/tex/latex/elocalloc/elocalloc.sty
Package: elocalloc 2016/12/15 v0.03 local allocation for LaTeX 2015+ (DPC)
)
(/usr/share/texmf-dist/tex/latex/environ/environ.sty
Package: environ 2014/05/04 v0.3 A new way to define environments

(/usr/share/texmf-dist/tex/latex/trimspaces/trimspaces.sty
Package: trimspaces 2009/09/17 v1.1 Trim spaces around a token list
))
(/usr/share/texmf-dist/tex/latex/l3packages/xparse/xparse.sty
(/usr/share/texmf-dist/tex/latex/l3kernel/expl3.sty
Package: expl3 2019-10-28 L3 programming layer (loader) 

(/usr/share/texmf-dist/tex/latex/l3kernel/expl3-code.tex
Package: expl3 2019-10-28 L3 programming layer (code)
\c_max_int=\count174
\l_tmpa_int=\count175
\l_tmpb_int=\count176
\g_tmpa_int=\count177
\g_tmpb_int=\count178
\l__seq_internal_a_int=\count179
\l__seq_internal_b_int=\count180
\g__kernel_prg_map_int=\count181
\c__ior_term_noprompt_ior=\count182
\c_log_iow=\count183
\l_iow_line_count_int=\count184
\l__iow_line_target_int=\count185
\l__iow_one_indent_int=\count186
\l__iow_indent_int=\count187
\c_zero_dim=\dimen275
\c_max_dim=\dimen276
\l_tmpa_dim=\dimen277
\l_tmpb_dim=\dimen278
\g_tmpa_dim=\dimen279
\g_tmpb_dim=\dimen280
\c_zero_skip=\skip68
\c_max_skip=\skip69
\l_tmpa_skip=\skip70
\l_tmpb_skip=\skip71
\g_tmpa_skip=\skip72
\g_tmpb_skip=\skip73
\c_zero_muskip=\muskip12
\c_max_muskip=\muskip13
\l_tmpa_muskip=\muskip14
\l_tmpb_muskip=\muskip15
\g_tmpa_muskip=\muskip16
\g_tmpb_muskip=\muskip17
\l_keys_choice_int=\count188
\l__intarray_loop_int=\count189
\c__intarray_sp_dim=\dimen281
\g__intarray_font_int=\count190
\c__fp_leading_shift_int=\count191
\c__fp_middle_shift_int=\count192
\c__fp_trailing_shift_int=\count193
\c__fp_big_leading_shift_int=\count194
\c__fp_big_middle_shift_int=\count195
\c__fp_big_trailing_shift_int=\count196
\c__fp_Bigg_leading_shift_int=\count197
\c__fp_Bigg_middle_shift_int=\count198
\c__fp_Bigg_trailing_shift_int=\count199
\c__kernel_randint_max_int=\count266
\g__fp_array_int=\count267
\l__fp_array_loop_int=\count268
\l__sort_length_int=\count269
\l__sort_min_int=\count270
\l__sort_top_int=\count271
\l__sort_max_int=\count272
\l__sort_true_max_int=\count273
\l__sort_block_int=\count274
\l__sort_begin_int=\count275
\l__sort_end_int=\count276
\l__sort_A_int=\count277
\l__sort_B_int=\count278
\l__sort_C_int=\count279
\l__str_internal_int=\count280
\c__str_replacement_char_int=\count281
\l__tl_analysis_normal_int=\count282
\l__tl_analysis_index_int=\count283
\l__tl_analysis_nesting_int=\count284
\l__tl_analysis_type_int=\count285
\l__regex_internal_a_int=\count286
\l__regex_internal_b_int=\count287
\l__regex_internal_c_int=\count288
\l__regex_balance_int=\count289
\l__regex_group_level_int=\count290
\l__regex_mode_int=\count291
\c__regex_cs_in_class_mode_int=\count292
\c__regex_cs_mode_int=\count293
\l__regex_catcodes_int=\count294
\l__regex_default_catcodes_int=\count295
\c__regex_catcode_D_int=\count296
\c__regex_catcode_S_int=\count297
\c__regex_catcode_L_int=\count298
\c__regex_catcode_O_int=\count299
\c__regex_catcode_A_int=\count300
\c__regex_all_catcodes_int=\count301
\l__regex_show_lines_int=\count302
\l__regex_min_state_int=\count303
\l__regex_max_state_int=\count304
\l__regex_left_state_int=\count305
\l__regex_right_state_int=\count306
\l__regex_capturing_group_int=\count307
\l__regex_min_pos_int=\count308
\l__regex_max_pos_int=\count309
\l__regex_curr_pos_int=\count310
\l__regex_start_pos_int=\count311
\l__regex_success_pos_int=\count312
\l__regex_curr_char_int=\count313
\l__regex_curr_catcode_int=\count314
\l__regex_last_char_int=\count315
\l__regex_case_changed_char_int=\count316
\l__regex_curr_state_int=\count317
\l__regex_step_int=\count318
\l__regex_min_active_int=\count319
\l__regex_max_active_int=\count320
\l__regex_replacement_csnames_int=\count321
\l__regex_match_count_int=\count322
\l__regex_min_submatch_int=\count323
\l__regex_submatch_int=\count324
\l__regex_zeroth_submatch_int=\count325
\g__regex_trace_regex_int=\count326
\c_empty_box=\box97
\l_tmpa_box=\box98
\l_tmpb_box=\box99
\g_tmpa_box=\box100
\g_tmpb_box=\box101
\l__box_top_dim=\dimen282
\l__box_bottom_dim=\dimen283
\l__box_left_dim=\dimen284
\l__box_right_dim=\dimen285
\l__box_top_new_dim=\dimen286
\l__box_bottom_new_dim=\dimen287
\l__box_left_new_dim=\dimen288
\l__box_right_new_dim=\dimen289
\l__box_internal_box=\box102
\l__coffin_internal_box=\box103
\l__coffin_internal_dim=\dimen290
\l__coffin_offset_x_dim=\dimen291
\l__coffin_offset_y_dim=\dimen292
\l__coffin_x_dim=\dimen293
\l__coffin_y_dim=\dimen294
\l__coffin_x_prime_dim=\dimen295
\l__coffin_y_prime_dim=\dimen296
\c_empty_coffin=\box104
\l__coffin_aligned_coffin=\box105
\l__coffin_aligned_internal_coffin=\box106
\l_tmpa_coffin=\box107
\l_tmpb_coffin=\box108
\g_tmpa_coffin=\box109
\g_tmpb_coffin=\box110
\l__coffin_bounding_shift_dim=\dimen297
\l__coffin_left_corner_dim=\dimen298
\l__coffin_right_corner_dim=\dimen299
\l__coffin_bottom_corner_dim=\dimen300
\l__coffin_top_corner_dim=\dimen301
\l__coffin_scaled_total_height_dim=\dimen302
\l__coffin_scaled_width_dim=\dimen303
\c__coffin_empty_coffin=\box111
\l__coffin_display_coffin=\box112
\l__coffin_display_coord_coffin=\box113
\l__coffin_display_pole_coffin=\box114
\l__coffin_display_offset_dim=\dimen304
\l__coffin_display_x_dim=\dimen305
\l__coffin_display_y_dim=\dimen306
\g__char_data_ior=\read3

(/usr/share/texmf-dist/tex/latex/l3kernel/l3deprecation.def
File: l3deprecation.def 2019-04-06 v L3 Deprecated functions
))
(/usr/share/texmf-dist/tex/latex/l3backend/l3backend-pdfmode.def
File: l3backend-pdfmode.def 2019-04-06 L3 backend support: PDF mode
\l__kernel_color_stack_int=\count327
\l__pdf_internal_box=\box115
))
Package: xparse 2019-10-11 L3 Experimental document command parser
\l__xparse_current_arg_int=\count328
\g__xparse_grabber_int=\count329
\l__xparse_m_args_int=\count330
\l__xparse_v_nesting_int=\count331
)
(/usr/share/texmf-dist/tex/latex/inlinedef/inlinedef.sty
Package: inlinedef 2008/07/10 v1.0 Inlined expansions within definitions
\ID@toks=\toks49
\ID@count=\count332
)
\ID@usercommands=\toks50
\safeloop@depth=\count333
\safeRKloop@depth=\count334
\forest@temp@dimen=\dimen307
\forest@temp@count=\count335
\forest@n=\count336
\forest@temp@global@count=\count337
\forest@temp@toks=\toks51
\forest@temparray@M=\count338
\forest@temparray@N=\count339
\forest@global@temparray@M=\count340
\forest@global@temparray@N=\count341
\forest@isnum@count=\count342
\forest@isdim@nonintpart=\count343
\forest@isdim@dimen=\dimen308
\forest@sort@m=\count344
\forest@sort@k=\count345
\forest@sort@p=\count346
\bracket@content=\toks52
\bracket@afterthought=\toks53
\forest@node@maxid=\count347
\forest@process@left@M=\count348
\forest@process@left@N=\count349
\forest@process@right@M=\count350
\forest@process@right@N=\count351
\forest@process@saved@M=\count352
\forest@process@saved@N=\count353
\forest@process@result@M=\count354
\forest@process@result@N=\count355
\forest@process@n=\count356
\forest@nodewalk@branch@toks=\toks54
\forest@nodewalk@shortsteps@resolution=\toks55
\forest@do@dynamics=\toks56
\forest@box=\box116
\forest@xg=\dimen309
\forest@yg=\dimen310
\forest@xs=\dimen311
\forest@ys=\dimen312
\forest@pi@toks=\toks57
\forest@segment@toks=\toks58
\forest@PIi@toks=\toks59
\forest@PIii@toks=\toks60
\forest@copy@in=\read4
\forest@copy@out=\write4
\forest@externalize@max@outer@n=\count357
\forest@externalize@inner@n=\count358
)
(/usr/share/texmf-dist/tex/latex/datetime/datetime.sty
Package: datetime 2015/03/20 v2.60 Date Time Package

(/usr/share/texmf-dist/tex/latex/fmtcount/fmtcount.sty
Package: fmtcount 2017/12/24 v3.05

(/usr/share/texmf-dist/tex/latex/xkeyval/xkeyval.sty
Package: xkeyval 2014/12/03 v2.7a package option processing (HA)

(/usr/share/texmf-dist/tex/generic/xkeyval/xkeyval.tex
(/usr/share/texmf-dist/tex/generic/xkeyval/xkvutils.tex
\XKV@toks=\toks61
\XKV@tempa@toks=\toks62
)
\XKV@depth=\count359
File: xkeyval.tex 2014/12/03 v2.7a key=value parser (HA)
))
(/usr/share/texmf-dist/tex/latex/fmtcount/fcprefix.sty
Package: fcprefix 2012/09/28

(/usr/share/texmf-dist/tex/latex/fmtcount/fcnumparser.sty
Package: fcnumparser 2017/06/15
\fc@digit@counter=\count360
))
\c@padzeroesN=\count361
\fc@tmpcatcode=\count362

(/usr/share/texmf-dist/tex/latex/fmtcount/fc-portuges.def
File: fc-portuges.def 2017/12/26
)
\@DT@modctr=\count363
\@ordinalctr=\count364
\@orgargctr=\count365
\@strctr=\count366
\@tmpstrctr=\count367
\@DT@loopN=\count368
\@DT@X=\count369
)
(/usr/share/texmf-dist/tex/latex/datetime/datetime-defaults.sty
Package: datetime-defaults 2013/09/10
)
\@day=\count370
\@month=\count371
\@year=\count372
\c@HOUR=\count373
\c@HOURXII=\count374
\c@MINUTE=\count375
\c@TOHOUR=\count376
\c@TOMINUTE=\count377
\c@SECOND=\count378
\currenthour=\count379
\currentminute=\count380
\currentsecond=\count381
Package datetime Info: No datetime.cfg file found, using default settings on in
put line 308.
\@dtctr=\count382
\dayofyear=\count383
\dayofweek=\count384
LaTeX Info: Redefining \today on input line 736.
\dt@a=\toks63
\dt@b=\toks64
)
(/usr/share/texmf-dist/tex/latex/listings/lstlang1.sty
File: lstlang1.sty 2019/09/10 1.8c listings language file
)
(/usr/share/texmf-dist/tex/latex/listings/lstmisc.sty
File: lstmisc.sty 2019/09/10 1.8c (Carsten Heinz)
))
\c@anexo=\count385


LaTeX Warning: Unused global option(s):
    [14pt].

(build/main.aux (build/0-capa.aux))
\openout1 = `main.aux'.

LaTeX Font Info:    Checking defaults for OML/jkp/m/it on input line 38.
LaTeX Font Info:    Trying to load font information for OML+jkp on input line 3
8.

(/usr/share/texmf-dist/tex/latex/kpfonts/omljkp.fd
File: omljkp.fd 2006/08/15 v1.0
)
LaTeX Font Info:    ... okay on input line 38.
LaTeX Font Info:    Checking defaults for T1/cmr/m/n on input line 38.
LaTeX Font Info:    ... okay on input line 38.
LaTeX Font Info:    Checking defaults for OT1/cmr/m/n on input line 38.
LaTeX Font Info:    ... okay on input line 38.
LaTeX Font Info:    Checking defaults for OMS/jkp/m/n on input line 38.
LaTeX Font Info:    Trying to load font information for OMS+jkp on input line 3
8.

(/usr/share/texmf-dist/tex/latex/kpfonts/omsjkp.fd
File: omsjkp.fd 2006/08/15 v1.0
)
LaTeX Font Info:    ... okay on input line 38.
LaTeX Font Info:    Checking defaults for OMX/jkp/m/n on input line 38.
LaTeX Font Info:    Trying to load font information for OMX+jkp on input line 3
8.

(/usr/share/texmf-dist/tex/latex/kpfonts/omxjkp.fd
File: omxjkp.fd 2006/08/15 v1.0
)
LaTeX Font Info:    ... okay on input line 38.
LaTeX Font Info:    Checking defaults for U/jkpexa/m/n on input line 38.
LaTeX Font Info:    Trying to load font information for U+jkpexa on input line 
38.

(/usr/share/texmf-dist/tex/latex/kpfonts/ujkpexa.fd
File: ujkpexa.fd 2006/08/15 v1.0
)
LaTeX Font Info:    ... okay on input line 38.
LaTeX Font Info:    Checking defaults for TS1/cmr/m/n on input line 38.
LaTeX Font Info:    Trying to load font information for TS1+cmr on input line 3
8.

(/usr/share/texmf-dist/tex/latex/base/ts1cmr.fd
File: ts1cmr.fd 2014/09/29 v2.5h Standard LaTeX font definitions
)
LaTeX Font Info:    ... okay on input line 38.
LaTeX Font Info:    Checking defaults for PD1/pdf/m/n on input line 38.
LaTeX Font Info:    ... okay on input line 38.
LaTeX Font Info:    Trying to load font information for T1+jkp on input line 38
.

(/usr/share/texmf-dist/tex/latex/kpfonts/t1jkp.fd
File: t1jkp.fd 2007/01/24 Fontinst v1.928 font definitions for T1/jkp.
)
(/usr/share/texmf-dist/tex/context/base/mkii/supp-pdf.mkii
[Loading MPS to PDF converter (version 2006.09.02).]
\scratchcounter=\count386
\scratchdimen=\dimen313
\scratchbox=\box117
\nofMPsegments=\count387
\nofMParguments=\count388
\everyMPshowfont=\toks65
\MPscratchCnt=\count389
\MPscratchDim=\dimen314
\MPnumerator=\count390
\makeMPintoPDFobject=\count391
\everyMPtoPDFconversion=\toks66
) (/usr/share/texmf-dist/tex/latex/oberdiek/epstopdf-base.sty
Package: epstopdf-base 2016/05/15 v2.6 Base part for package epstopdf

(/usr/share/texmf-dist/tex/latex/oberdiek/grfext.sty
Package: grfext 2016/05/16 v1.2 Manage graphics extensions (HO)
)
Package epstopdf-base Info: Redefining graphics rule for `.eps' on input line 4
38.
Package grfext Info: Graphics extension search list:
(grfext)             [.pdf,.png,.jpg,.mps,.jpeg,.jbig2,.jb2,.PDF,.PNG,.JPG,.JPE
G,.JBIG2,.JB2,.eps]
(grfext)             \AppendGraphicsExtensions on input line 456.

(/usr/share/texmf-dist/tex/latex/latexconfig/epstopdf-sys.cfg
File: epstopdf-sys.cfg 2010/07/13 v1.3 Configuration of (r)epstopdf for TeX Liv
e
))
*geometry* driver: auto-detecting
*geometry* detected driver: pdftex
*geometry* verbose mode - [ preamble ] result:
* driver: pdftex
* paper: a4paper
* layout: <same size as paper>
* layoutoffset:(h,v)=(0.0pt,0.0pt)
* modes: 
* h-part:(L,W,R)=(85.35826pt, 455.24411pt, 56.9055pt)
* v-part:(T,H,B)=(85.35826pt, 674.33032pt, 85.35826pt)
* \paperwidth=597.50787pt
* \paperheight=845.04684pt
* \textwidth=455.24411pt
* \textheight=674.33032pt
* \oddsidemargin=13.08827pt
* \evensidemargin=13.08827pt
* \topmargin=-23.91173pt
* \headheight=12.0pt
* \headsep=25.0pt
* \topskip=10.0pt
* \footskip=30.0pt
* \marginparwidth=57.0pt
* \marginparsep=11.0pt
* \columnsep=10.0pt
* \skip\footins=9.0pt plus 4.0pt minus 2.0pt
* \hoffset=0.0pt
* \voffset=0.0pt
* \mag=1000
* \@twocolumnfalse
* \@twosidefalse
* \@mparswitchfalse
* \@reversemarginfalse
* (1in=72.27pt=25.4mm, 1cm=28.453pt)

\AtBeginShipoutBox=\box118
Package hyperref Info: Link coloring OFF on input line 38.
(/usr/share/texmf-dist/tex/latex/hyperref/nameref.sty
Package: nameref 2019/09/16 v2.46 Cross-referencing by name of section

(/usr/share/texmf-dist/tex/generic/oberdiek/gettitlestring.sty
Package: gettitlestring 2016/05/16 v1.5 Cleanup title references (HO)
)
\c@section@level=\count392
)
LaTeX Info: Redefining \ref on input line 38.
LaTeX Info: Redefining \pageref on input line 38.
LaTeX Info: Redefining \nameref on input line 38.

(build/main.out) (build/main.out)
\@outlinefile=\write5
\openout5 = `main.out'.

\c@lstlisting=\count393

(/usr/share/texmf-dist/tex/latex/oberdiek/pdflscape.sty
Package: pdflscape 2016/05/14 v0.11 Display of landscape pages in PDF (HO)

(/usr/share/texmf-dist/tex/latex/graphics/lscape.sty
Package: lscape 2000/10/22 v3.01 Landscape Pages (DPC)
)
Package pdflscape Info: Auto-detected driver: pdftex on input line 81.
)
ABD: EveryShipout initializing macros
\openout2 = `0-capa.aux'.

 (./0-capa.tex
<imagens/LINX-LOGO.jpg, id=15, 727.71875pt x 363.3575pt>
File: imagens/LINX-LOGO.jpg Graphic file (type jpg)
<use imagens/LINX-LOGO.jpg>
Package pdftex.def Info: imagens/LINX-LOGO.jpg  used on input line 5.
(pdftex.def)             Requested size: 150.22708pt x 75.00993pt.
 [1




{/var/lib/texmf/fonts/map/pdftex/updmap/pdftex.map} <./imagens/LINX-LOGO.jpg>])
 (build/main.toc)
\tf@toc=\write6
\openout6 = `main.toc'.


(./1-desafio.tex
<imagens/linx_impulse.png, id=25, 130.4875pt x 130.4875pt>
File: imagens/linx_impulse.png Graphic file (type png)
<use imagens/linx_impulse.png>
Package pdftex.def Info: imagens/linx_impulse.png  used on input line 1.
(pdftex.def)             Requested size: 22.76228pt x 22.76198pt.


Package Fancyhdr Warning: \headheight is too small (12.0pt): 
Make it at least 26.36201pt.
We now make it that large for the rest of the document.
This may cause the page layout to be inconsistent, however.

pdfTeX warning (ext4): destination with the same identifier (name{page.1}) has 
been already used, duplicate ignored
<to be read again> 
                   \relax 
l.1 \section{DESAFIO - Parte 1}
                                \label{sec:desafio1} [1



 <./imagens/linx_impulse.png>]
Underfull \hbox (badness 10000) in paragraph at lines 3--9

 []


LaTeX Warning: Reference `lst:cc9621.c' on page 2 undefined on input line 26.

LaTeX Font Info:    Trying to load font information for T1+jkptt on input line 
29.
(/usr/share/texmf-dist/tex/latex/kpfonts/t1jkptt.fd
File: t1jkptt.fd 2007/01/26 Fontinst v1.928 font definitions for T1/jkptt.
)
File: imagens/linx_impulse.png Graphic file (type png)
<use imagens/linx_impulse.png>
Package pdftex.def Info: imagens/linx_impulse.png  used on input line 55.
(pdftex.def)             Requested size: 22.76228pt x 22.76198pt.
 [2

]
Package hyperref Info: bookmark level for unknown lstlisting defaults to 0 on i
nput line 72.
 (./cc9621.as
LaTeX Font Info:    Trying to load font information for OT1+jkp on input line 7
.

(/usr/share/texmf-dist/tex/latex/kpfonts/ot1jkp.fd
File: ot1jkp.fd 2007/08/30 Fontinst v1.928 font definitions for OT1/jkp.
)
LaTeX Font Info:    Trying to load font information for U+jkpmia on input line 
7.

(/usr/share/texmf-dist/tex/latex/kpfonts/ujkpmia.fd
File: ujkpmia.fd 2006/08/15 v1.0
)
LaTeX Font Info:    Trying to load font information for U+jkpsya on input line 
7.

(/usr/share/texmf-dist/tex/latex/kpfonts/ujkpsya.fd
File: ujkpsya.fd 2006/08/15 v1.0
)
LaTeX Font Info:    Trying to load font information for U+jkpsyb on input line 
7.

(/usr/share/texmf-dist/tex/latex/kpfonts/ujkpsyb.fd
File: ujkpsyb.fd 2006/08/15 v1.0
)
LaTeX Font Info:    Trying to load font information for U+jkpsyc on input line 
7.

(/usr/share/texmf-dist/tex/latex/kpfonts/ujkpsyc.fd
File: ujkpsyc.fd 2006/08/15 v1.0
)
LaTeX Font Info:    Trying to load font information for TS1+jkp on input line 9
.

(/usr/share/texmf-dist/tex/latex/kpfonts/ts1jkp.fd
File: ts1jkp.fd 2007/08/30 Fontinst v1.928 font definitions for TS1/jkp.
)
File: imagens/linx_impulse.png Graphic file (type png)
<use imagens/linx_impulse.png>
Package pdftex.def Info: imagens/linx_impulse.png  used on input line 35.
(pdftex.def)             Requested size: 22.76228pt x 22.76198pt.
 [3]))
File: imagens/linx_impulse.png Graphic file (type png)
<use imagens/linx_impulse.png>
Package pdftex.def Info: imagens/linx_impulse.png  used on input line 43.
(pdftex.def)             Requested size: 22.76228pt x 22.76198pt.
 [4] (./2-desafio.tex)
File: imagens/linx_impulse.png Graphic file (type png)
<use imagens/linx_impulse.png>
Package pdftex.def Info: imagens/linx_impulse.png  used on input line 46.
(pdftex.def)             Requested size: 22.76228pt x 22.76198pt.
[5


]
Package atveryend Info: Empty hook `BeforeClearDocument' on input line 47.
Package atveryend Info: Empty hook `AfterLastShipout' on input line 47.
 (build/main.aux (build/0-capa.aux))
Package atveryend Info: Executing hook `AtVeryEndDocument' on input line 47.
Package atveryend Info: Executing hook `AtEndAfterFileList' on input line 47.
Package rerunfilecheck Info: File `main.out' has not changed.
(rerunfilecheck)             Checksum: 9F51CE34075279A89DC07B70EFC1F2AE;104.


LaTeX Warning: There were undefined references.

Package atveryend Info: Empty hook `AtVeryVeryEnd' on input line 47.
 ) 
Here is how much of TeX's memory you used:
 44118 strings out of 492167
 895721 string characters out of 6131558
 1327086 words of memory out of 5000000
 47812 multiletter control sequences out of 15000+600000
 591469 words of font info for 81 fonts, out of 8000000 for 9000
 1141 hyphenation exceptions out of 8191
 72i,16n,76p,1620b,2128s stack positions out of 5000i,500n,10000p,200000b,80000s
{/usr/share/texmf-dist/fonts/enc/dvips/base/8r.enc}</usr/share/texmf-dist/fon
ts/type1/public/kpfonts/jkpbn8a.pfb></usr/share/texmf-dist/fonts/type1/public/k
pfonts/jkpmit8a.pfb></usr/share/texmf-dist/fonts/type1/public/kpfonts/jkpmitc.p
fb></usr/share/texmf-dist/fonts/type1/public/kpfonts/jkpmn8a.pfb></usr/share/te
xmf-dist/fonts/type1/public/kpfonts/jkpsy.pfb></usr/share/texmf-dist/fonts/type
1/public/kpfonts/jkpttmn8a.pfb>
Output written on build/main.pdf (6 pages, 95842 bytes).
PDF statistics:
 153 PDF objects out of 1000 (max. 8388607)
 134 compressed objects within 2 object streams
 71 named destinations out of 1000 (max. 500000)
 39 words of extra memory for PDF output out of 10000 (max. 10000000)

