202 0.013441
200 0.014179
202 0.020628
201 0.431221
200 0.410811
500 0.001189
500 0.019481
500 0.009481
000 0.052330
500 0.006912
000 0.016726
500 0.076445
500 0.001628
500 0.010861
500 0.009692
000 0.041630
000 0.057420
000 0.072394
000 0.054518
500 0.074826
000 0.068732
000 0.085610
000 0.064006
000 0.059930
000 0.062625
000 0.097184
000 0.084297
000 0.080342
000 0.000000
000 0.046821
500 0.075978
000 0.061031
000 0.084150
000 0.000000
500 0.031442
000 0.058183
000 0.015870
000 0.017230
000 0.022271
500 0.014046
000 0.013224
500 0.006332
500 0.009820
500 0.022136
000 0.005014
000 0.000000
500 0.006620
000 0.000000
000 0.030101
000 0.010097
000 0.000000
000 0.000000
000 0.000000
000 0.026370
000 0.044966
000 0.032683
500 0.040746
000 0.033117
000 0.021281
000 0.012496
000 0.006636
500 0.011471
500 0.000976
000 0.000000
500 0.010624
000 0.000000
000 0.000000
000 0.010518
500 0.023446
000 0.010550
500 0.016028
000 0.000000
000 0.018878
000 0.031752
500 0.020551
500 0.015191
000 0.024609
500 0.016569
000 0.000000
000 0.007813
500 0.029173
000 0.000000
000 0.000000
000 0.044019
500 0.039219
000 0.028841
000 0.000000
000 0.028454
000 0.014150
500 0.031450
000 0.000000
000 0.000000
000 0.000000
000 0.000000
500 0.031248
000 0.000000
000 0.000000
000 0.033077
000 0.000000
500 0.039552
000 0.000000
000 0.000000
000 0.000000
000 0.000000
000 0.000000
000 0.000000
000 0.000000
000 0.000000
000 0.000000
500 0.053847
000 0.000000
000 0.000000
000 0.000000
000 0.000000
000 0.000000
000 0.019642
000 0.017700
000 0.000000
500 0.014131
000 0.000000
000 0.057003
000 0.027277
000 0.000000
500 0.001635
000 0.004032
000 0.000000
500 0.001185
000 0.017902
000 0.000000
500 0.036315
000 0.043069
000 0.000000
500 0.046939
000 0.020395
000 0.000000
000 0.017719
000 0.056644
000 0.000000
500 0.001988
000 0.005251
000 0.003440
000 0.000000
500 0.002798
000 0.041799
500 0.007138
000 0.005035
500 0.046397
000 0.000000
500 0.006360
500 0.014062
000 0.071954
500 0.055189
000 0.000000
000 0.000000
000 0.000000
500 0.009549
000 0.000000
000 0.000000
000 0.000000
000 0.009239
500 0.002025
500 0.005493
500 0.011377
000 0.000000
500 0.001103
000 0.000000
000 0.013680
000 0.000000
500 0.010399
000 0.014820
000 0.004188
500 0.010260
000 0.066119
000 0.031053
500 0.010383
000 0.000000
000 0.011322
500 0.005726
000 0.011205
000 0.010276
000 0.017935
500 0.006605
000 0.005839
000 0.022362
000 0.024339
500 0.031149
500 0.004654
000 0.000000
000 0.000000
500 0.008804
000 0.000000
203 0.722323
500 0.011285
000 0.010591
000 0.000000
000 0.031782
000 0.025136
000 0.000000
202 0.725076
000 0.014549
500 0.019837
500 0.019776
500 0.036575
500 0.016447
500 0.011153
500 0.014068
500 0.010225
000 0.000000
500 0.012192
000 0.000000
000 0.034505
000 0.014612
000 0.011243
500 0.019537
000 0.000000
000 0.017006
500 0.022144
500 0.020009
000 0.010966
000 0.014229
500 0.011985
500 0.007164
500 0.018602
000 0.048845
500 0.020019
000 0.010556
500 0.029217
000 0.006691
000 0.000000
500 0.023589
000 0.006697
500 0.021322
500 0.018844
500 0.011250
000 0.037920
500 0.030054
000 0.000000
500 0.016059
000 0.055499
000 0.000000
000 0.000000
500 0.031156
000 0.000000
000 0.000000
500 0.026596
000 0.000000
500 0.014031
000 0.040213
500 0.010633
500 0.014467
000 0.000000
500 0.021409
000 0.000000
000 0.000000
000 0.024845
500 0.008643
000 0.027953
000 0.016536
500 0.029177
500 0.001913
000 0.028399
000 0.008498
000 0.000000
000 0.000000
500 0.015303
500 0.003618
000 0.000000
000 0.014012
000 0.000000
000 0.000000
500 0.004587
000 0.005600
500 0.002207
000 0.000000
500 0.002508
500 0.000956
000 0.012164
000 0.000000
000 0.000000
000 0.000000
000 0.000000
000 0.008121
500 0.012282
500 0.006952
000 0.000000
500 0.012206
500 0.001570
500 0.017810
500 0.014119
500 0.007989
000 0.013125
000 0.000000
500 0.008073
000 0.025525
500 0.020420
000 0.017058
500 0.019863
500 0.004991
000 0.019179
500 0.028419
500 0.030097
000 0.012133
500 0.034463
000 0.000000
000 0.000000
500 0.009458
500 0.006425
000 0.012246
000 0.021205
000 0.012823
000 0.000000
000 0.000000
000 0.008754
500 0.035544
500 0.031079
000 0.011560
500 0.001088
000 0.041949
000 0.024129
500 0.007914
500 0.032147
000 0.013350
500 0.041508
000 0.000000
000 0.000000
000 0.010388
500 0.008822
000 0.010910
500 0.009504
500 0.009414
000 0.000000
500 0.025640
500 0.016101
000 0.000000
500 0.002747
500 0.001254
000 0.016385
000 0.027029
500 0.005087
000 0.000000
000 0.012257
000 0.024344
500 0.014414
500 0.003283
500 0.018460
000 0.016529
000 0.000000
000 0.007669
000 0.000000
000 0.000000
500 0.009602
500 0.011817
500 0.013081
000 0.000000
500 0.018289
500 0.018095
000 0.016286
500 0.024294
000 0.000000
000 0.001098
500 0.022482
000 0.000000
500 0.021302
000 0.017125
500 0.019886
000 0.000000
500 0.006708
000 0.018246
000 0.000000
000 0.000000
000 0.000000
000 0.000000
000 0.000000
500 0.010924
500 0.010014
500 0.003961
500 0.011980
000 0.000000
500 0.003618
500 0.009454
500 0.014134
000 0.008255
500 0.010693
000 0.000000
500 0.018304
500 0.064156
500 0.003276
500 0.001515
000 0.000000
500 0.003192
000 0.007149
000 0.027253
000 0.000000
000 0.000000
500 0.015059
500 0.022380
500 0.023086
000 0.008650
500 0.045345
500 0.000964
500 0.049287
000 0.007317
000 0.000000
000 0.000000
000 0.000000
500 0.005059
000 0.027232
500 0.011826
500 0.000930
500 0.009835
500 0.001344
500 0.002071
500 0.004662
500 0.004896
500 0.008533
000 0.000000
500 0.006292
201 1.118039
000 0.000000
500 0.007477
200 1.118430
202 1.115168
500 0.007379
500 0.018609
000 0.000000
000 0.000000
500 0.002490
000 0.045885
000 0.014583
000 0.000000
000 0.000000
000 0.016811
000 0.026488
500 0.006852
500 0.030527
000 0.077449
000 0.014219
000 0.000000
500 0.069000
000 0.024716
500 0.036416
000 0.053646
000 0.034208
000 0.028940
000 0.037376
500 0.017495
000 0.022473
500 0.049775
500 0.012089
000 0.000000
000 0.000000
000 0.000000
000 0.000000
000 0.000000
000 0.000000
000 0.016404
000 0.010216
000 0.000000
000 0.014123
000 0.033742
500 0.003686
000 0.039708
000 0.000000
000 0.015821
000 0.000000
000 0.000000
000 0.000000
000 0.000000
500 0.003640
000 0.016001
000 0.015190
000 0.027912
500 0.003582
000 0.014216
500 0.003305
500 0.001241
000 0.006690
500 0.001727
203 1.421527
200 1.424196
203 1.503005
202 1.519537
200 1.499274
200 1.532756
200 1.500355
200 1.523684
203 1.599131
200 1.616366
200 1.590785
203 1.898157
200 1.896321
200 1.899658
200 1.899071
202 1.891924
200 1.891456
200 1.895432
201 2.053987
202 2.055110
200 2.038398
200 2.059293
203 2.089643
202 2.115614
203 2.195083
201 2.207711
201 2.698584
200 2.724000
202 2.696013
200 2.731502
200 2.700130
200 2.702031
200 2.697326
000 0.000000
000 0.000000
000 0.000000
000 0.000000
000 0.000000
000 0.000000
000 0.000000
000 0.000000
000 0.000000
000 0.000000
000 0.000000
000 0.000000
000 0.000000
000 0.000000
000 0.000000
000 0.000000
000 0.000000
000 0.000000
000 0.000000
000 0.000000
000 0.000000
000 0.000000
000 0.000000
000 0.000000
000 0.000000
000 0.000000
000 0.000000
000 0.000000
000 0.000000
000 0.000000
000 0.000000
000 0.000000
000 0.000000
000 0.000000
000 0.000000
000 0.000000
000 0.000000
000 0.000000
000 0.000000
000 0.000000
000 0.000000
000 0.000000
000 0.000000
000 0.000000
000 0.000000
000 0.000000
000 0.000000
000 0.000000
000 0.000000
000 0.000000
000 0.000000
000 0.000000
000 0.000000
000 0.000000
000 0.000000
000 0.000000
000 0.000000
000 0.000000
000 0.000000
000 0.000000
000 0.000000
000 0.000000
000 0.000000
000 0.000000
000 0.000000
000 0.000000
000 0.000000
000 0.000000
000 0.000000
000 0.000000
000 0.000000
000 0.000000
000 0.000000
000 0.000000
000 0.000000
000 0.000000
000 0.000000
000 0.000000
000 0.000000
000 0.000000
000 0.000000
000 0.000000
000 0.000000
000 0.000000
000 0.000000
000 0.000000
000 0.000000
000 0.000000
000 0.000000
000 0.000000
000 0.000000
000 0.000000
000 0.000000
000 0.000000
000 0.000000
000 0.000000
000 0.000000
000 0.000000
000 0.000000
000 0.000000
000 0.000000
000 0.000000
000 0.000000
000 0.000000
000 0.000000
000 0.000000
000 0.000000
000 0.000000
000 0.000000
000 0.000000
000 0.000000
000 0.000000
000 0.000000
000 0.000000
000 0.000000
000 0.000000
000 0.000000
000 0.000000
000 0.000000
000 0.000000
000 0.000000
000 0.000000
000 0.000000
000 0.000000
000 0.000000
000 0.000000
000 0.000000
000 0.000000
000 0.000000
000 0.000000
000 0.000000
000 0.000000
000 0.000000
000 0.000000
000 0.000000
000 0.000000
000 0.000000
000 0.000000
000 0.000000
000 0.000000
000 0.000000
000 0.000000
000 0.000000
000 0.000000
000 0.000000
000 0.000000
000 0.000000
000 0.000000
000 0.000000
000 0.000000
000 0.000000
000 0.000000
000 0.000000
000 0.000000
000 0.000000
000 0.000000
000 0.000000
000 0.000000
000 0.000000
000 0.000000
000 0.000000
000 0.000000
000 0.000000
000 0.000000
000 0.000000
000 0.000000
000 0.000000
000 0.000000
000 0.000000
000 0.000000
000 0.000000
000 0.000000
000 0.000000
000 0.000000
000 0.000000
000 0.000000
000 0.000000
000 0.000000
000 0.000000
000 0.000000
000 0.000000
000 0.000000
000 0.000000
000 0.000000
000 0.000000
000 0.000000
000 0.000000
000 0.000000
000 0.000000
000 0.000000
000 0.000000
000 0.000000
000 0.000000
000 0.000000
000 0.000000
000 0.000000
000 0.000000
000 0.000000
000 0.000000
000 0.000000
000 0.000000
000 0.000000
000 0.000000
000 0.000000
000 0.000000
000 0.000000
000 0.000000
000 0.000000
000 0.000000
000 0.000000
000 0.000000
000 0.000000
000 0.000000
000 0.000000
000 0.000000
000 0.000000
000 0.000000
000 0.000000
000 0.000000
000 0.000000
000 0.000000
000 0.000000
000 0.000000
000 0.000000
000 0.000000
000 0.000000
000 0.000000
000 0.000000
000 0.000000
000 0.000000
000 0.000000
000 0.000000
000 0.000000
000 0.000000
000 0.000000
000 0.000000
000 0.000000
000 0.000000
000 0.000000
000 0.000000
000 0.000000
000 0.000000
000 0.000000
000 0.000000
000 0.000000
000 0.000000
000 0.000000
000 0.000000
000 0.000000
000 0.000000
000 0.000000
000 0.000000
000 0.000000
000 0.000000
000 0.000000
000 0.000000
000 0.000000
000 0.000000
000 0.000000
000 0.000000
000 0.000000
000 0.000000
000 0.000000
000 0.000000
000 0.000000
000 0.000000
000 0.000000
000 0.000000
000 0.000000
000 0.000000
000 0.000000
000 0.000000
000 0.000000
000 0.000000
000 0.000000
000 0.000000
000 0.000000
000 0.000000
000 0.000000
000 0.000000
000 0.000000
000 0.000000
000 0.000000
000 0.000000
000 0.000000
000 0.000000
000 0.000000
000 0.000000
000 0.000000
000 0.000000
000 0.000000
000 0.000000
000 0.000000
000 0.000000
000 0.000000
000 0.000000
000 0.000000
000 0.000000
000 0.000000
000 0.000000
000 0.000000
000 0.000000
000 0.000000
000 0.000000
000 0.000000
000 0.000000
000 0.000000
000 0.000000
000 0.000000
000 0.000000
000 0.000000
000 0.000000
000 0.000000
000 0.000000
000 0.000000
000 0.000000
000 0.000000
000 0.000000
000 0.000000
000 0.000000
000 0.000000
000 0.000000
000 0.000000
000 0.000000
000 0.000000
000 0.000000
000 0.000000
000 0.000000
000 0.000000
000 0.000000
000 0.000000
000 0.000000
000 0.000000
000 0.000000
000 0.000000
000 0.000000
000 0.000000
000 0.000000
000 0.000000
000 0.000000
000 0.000000
000 0.000000
000 0.000000
000 0.000000
000 0.000000
000 0.000000
000 0.000000
000 0.000000
000 0.000000
000 0.000000
000 0.000000
000 0.000000
000 0.000000
000 0.000000
000 0.000000
000 0.000000
000 0.000000
000 0.000000
000 0.000000
000 0.000000
000 0.000000
000 0.000000
000 0.000000
000 0.000000
000 0.000000
000 0.000000
000 0.000000
000 0.000000
000 0.000000
000 0.000000
000 0.000000
000 0.000000
000 0.000000
000 0.000000
000 0.000000
000 0.000000
000 0.000000
000 0.000000
000 0.000000
000 0.000000
000 0.000000
000 0.000000
000 0.000000
000 0.000000
000 0.000000
000 0.000000
000 0.000000
000 0.000000
000 0.000000
000 0.000000
000 0.000000
000 0.000000
000 0.000000
000 0.000000
000 0.000000
000 0.000000
000 0.000000
000 0.000000
000 0.000000
000 0.000000
000 0.000000
000 0.000000
000 0.000000
000 0.000000
000 0.000000
000 0.000000
000 0.000000
000 0.000000
000 0.000000
000 0.000000
000 0.000000
000 0.000000
000 0.000000
000 0.000000
000 0.000000
000 0.000000
000 0.000000
000 0.000000
000 0.000000
000 0.000000
000 0.000000
000 0.000000
000 0.000000
000 0.000000
000 0.000000
000 0.000000
000 0.000000
000 0.000000
000 0.000000
000 0.000000
000 0.000000
000 0.000000
000 0.000000
000 0.000000
000 0.000000
000 0.000000
000 0.000000
000 0.000000
000 0.000000
000 0.000000
000 0.000000
000 0.000000
000 0.000000
000 0.000000
000 0.000000
000 0.000000
000 0.000000
000 0.000000
000 0.000000
000 0.000000
000 0.000000
000 0.000000
000 0.000000
000 0.000000
000 0.000000
000 0.000000
000 0.000000
000 0.000000
000 0.000000
000 0.000000
000 0.000000
000 0.000000
000 0.000000
000 0.000000
000 0.000000
000 0.000000
000 0.000000
000 0.000000
000 0.000000
000 0.000000
000 0.000000
000 0.000000
000 0.000000
000 0.000000
000 0.000000
000 0.000000
000 0.000000
000 0.000000
000 0.000000
000 0.000000
000 0.000000
000 0.000000
000 0.000000
000 0.000000
000 0.000000
000 0.000000
000 0.000000
000 0.000000
