200 0.411702
200 0.412297
200 0.615605
202 0.611992
201 1.624625
200 1.625622
201 1.921422
202 1.930432
200 1.922478
201 2.006808
202 2.001522
202 2.006000
202 2.004957
201 2.013797
202 2.004270
200 2.007971
200 2.031223
202 2.024145
202 2.015171
200 2.011583
203 2.098800
202 2.100528
202 2.100153
200 2.100623
200 2.099445
203 2.211482
200 2.220635
202 2.206641
203 2.236222
000 0.000000
000 0.000000
000 0.000000
000 0.000000
000 0.000000
000 0.000000
000 0.000000
000 0.000000
000 0.000000
000 0.000000
000 0.000000
000 0.000000
000 0.000000
000 0.000000
000 0.000000
000 0.000000
000 0.000000
000 0.000000
000 0.000000
000 0.000000
000 0.000000
000 0.000000
000 0.000000
000 0.000000
000 0.000000
000 0.000000
000 0.000000
000 0.000000
000 0.000000
000 0.000000
000 0.000000
000 0.000000
000 0.000000
000 0.000000
000 0.000000
000 0.000000
000 0.000000
000 0.000000
000 0.000000
000 0.000000
000 0.000000
000 0.000000
000 0.000000
000 0.000000
000 0.000000
000 0.000000
000 0.000000
000 0.000000
000 0.000000
000 0.000000
000 0.000000
000 0.000000
000 0.000000
000 0.000000
000 0.000000
000 0.000000
000 0.000000
000 0.000000
000 0.000000
000 0.000000
000 0.000000
000 0.000000
000 0.000000
000 0.000000
000 0.000000
000 0.000000
000 0.000000
000 0.000000
000 0.000000
000 0.000000
