200 0.014634
200 0.016325
202 0.017432
203 0.310440
203 0.513649
202 0.520071
201 0.515509
203 0.625076
200 0.626245
203 0.714994
200 0.713356
202 0.715779
203 0.910581
200 0.916619
200 0.911861
202 0.913035
202 0.913320
201 1.327129
203 1.523206
202 1.522554
202 1.521456
201 1.720966
200 0.003271
202 0.009169
201 0.106029
201 0.718756
200 0.714089
202 0.720263
200 0.721494
202 0.713146
202 0.713648
201 1.520696
200 1.518452
201 1.828316
200 1.825852
202 1.826349
201 2.422117
202 2.420253
202 2.425435
202 2.421678
201 2.829610
202 2.814123
200 2.814634
000 0.000000
200 0.011012
200 0.012895
202 0.006254
202 0.008212
200 0.009969
200 0.015597
200 0.013255
203 0.204455
200 0.205538
200 0.206134
200 0.197697
200 0.194488
201 0.297463
201 0.514938
200 0.514860
200 0.521935
200 0.513052
200 0.510315
201 1.408983
202 1.409632
201 1.610835
202 1.613950
200 0.011565
200 0.016823
200 0.017155
202 0.011994
200 0.007536
203 0.114270
203 0.215126
202 0.212576
200 0.213116
203 0.314896
200 0.315652
201 1.129368
201 1.217223
201 1.432871
203 1.521688
202 1.527445
201 1.530335
200 1.526191
202 1.524124
200 1.525734
201 2.531857
201 2.933669
