200 0.015414
203 0.317408
201 1.015942
200 1.016636
201 1.314954
202 1.315897
203 1.329773
200 1.322346
203 1.425899
203 1.526696
202 1.526727
200 1.528596
203 1.612538
200 1.608928
200 1.609394
200 1.618081
202 1.621611
200 1.607175
203 1.809049
201 1.827074
201 2.943590
000 0.000000
000 0.000000
200 0.007622
202 0.010753
200 0.004610
200 0.014204
203 0.108849
203 0.313252
200 0.309136
203 0.616972
203 0.814763
200 0.825243
200 0.815967
201 1.124546
200 1.116988
201 1.533610
202 1.523335
200 1.526963
202 1.530890
200 1.522780
200 1.522235
201 1.727418
200 1.732862
202 1.719758
200 1.724751
202 0.011855
201 0.913508
203 1.120233
200 1.122136
200 1.117534
200 1.118571
200 1.124360
201 1.124523
201 2.033614
201 2.022834
200 2.024118
202 2.025133
201 2.731271
202 2.732486
200 2.731367
201 2.943001
202 2.939077
200 2.935685
200 2.939322
000 0.000000
000 0.000000
000 0.000000
000 0.000000
200 0.018780
200 0.019837
201 0.123707
202 0.108288
203 0.313274
203 0.620471
200 0.616590
203 0.732766
203 1.021294
203 1.128330
200 1.123489
201 1.222422
201 2.239154
200 2.243139
202 2.237130
200 2.242065
201 2.323233
202 2.334631
203 2.521223
200 2.520845
201 2.740278
203 2.942272
200 2.940648
