200 0.016468
200 0.018634
201 0.313020
202 0.324162
200 0.319244
200 0.318347
200 0.314816
202 0.319345
202 0.318585
203 0.631678
203 0.934283
200 0.924873
202 0.928623
202 0.925278
201 1.517772
202 1.511608
203 1.812214
203 2.008882
201 2.238061
200 2.240128
200 2.240230
201 2.609855
200 2.606132
203 2.912325
000 0.000000
000 0.000000
000 0.000000
000 0.000000
000 0.000000
000 0.000000
000 0.000000
000 0.000000
000 0.000000
000 0.000000
000 0.000000
000 0.000000
000 0.000000
000 0.000000
000 0.000000
