202 0.030754
200 0.022923
203 0.111465
202 0.112998
200 0.099120
200 0.120344
201 0.400818
202 0.419392
201 0.734444
200 0.717910
200 0.729107
203 0.810025
201 1.516103
200 1.518759
200 1.516085
202 1.515976
201 2.232434
200 2.241194
201 2.822227
000 0.000000
000 0.000000
000 0.000000
000 0.000000
000 0.000000
000 0.000000
000 0.000000
000 0.000000
000 0.000000
000 0.000000
000 0.000000
000 0.000000
000 0.000000
000 0.000000
000 0.000000
000 0.000000
000 0.000000
000 0.000000
000 0.000000
000 0.000000
000 0.000000
000 0.000000
000 0.000000
000 0.000000
000 0.000000
000 0.000000
000 0.000000
000 0.000000
000 0.000000
000 0.000000
000 0.000000
000 0.000000
000 0.000000
000 0.000000
000 0.000000
000 0.000000
000 0.000000
000 0.000000
000 0.000000
000 0.000000
000 0.000000
000 0.000000
000 0.000000
000 0.000000
000 0.000000
000 0.000000
000 0.000000
000 0.000000
000 0.000000
000 0.000000
000 0.000000
000 0.000000
000 0.000000
000 0.000000
000 0.000000
000 0.000000
000 0.000000
000 0.000000
000 0.000000
000 0.000000
000 0.000000
000 0.000000
000 0.000000
000 0.000000
000 0.000000
000 0.000000
000 0.000000
000 0.000000
000 0.000000
000 0.000000
000 0.000000
000 0.000000
000 0.000000
000 0.000000
000 0.000000
000 0.000000
000 0.000000
000 0.000000
000 0.000000
000 0.000000
000 0.000000
000 0.000000
000 0.000000
000 0.000000
000 0.000000
000 0.000000
000 0.000000
000 0.000000
000 0.000000
000 0.000000
000 0.000000
000 0.000000
000 0.000000
000 0.000000
000 0.000000
000 0.000000
000 0.000000
000 0.000000
000 0.000000
000 0.000000
000 0.000000
000 0.000000
000 0.000000
000 0.000000
000 0.000000
000 0.000000
000 0.000000
000 0.000000
000 0.000000
000 0.000000
000 0.000000
000 0.000000
000 0.000000
000 0.000000
000 0.000000
000 0.000000
000 0.000000
000 0.000000
000 0.000000
000 0.000000
000 0.000000
000 0.000000
000 0.000000
000 0.000000
000 0.000000
000 0.000000
000 0.000000
000 0.000000
000 0.000000
000 0.000000
000 0.000000
000 0.000000
000 0.000000
000 0.000000
000 0.000000
000 0.000000
000 0.000000
000 0.000000
000 0.000000
000 0.000000
000 0.000000
000 0.000000
000 0.000000
000 0.000000
000 0.000000
000 0.000000
000 0.000000
000 0.000000
000 0.000000
000 0.000000
000 0.000000
000 0.000000
000 0.000000
000 0.000000
000 0.000000
000 0.000000
000 0.000000
000 0.000000
000 0.000000
000 0.000000
000 0.000000
000 0.000000
000 0.000000
000 0.000000
000 0.000000
000 0.000000
000 0.000000
000 0.000000
000 0.000000
000 0.000000
000 0.000000
000 0.000000
000 0.000000
000 0.000000
000 0.000000
000 0.000000
000 0.000000
000 0.000000
000 0.000000
000 0.000000
000 0.000000
000 0.000000
000 0.000000
000 0.000000
000 0.000000
000 0.000000
000 0.000000
000 0.000000
000 0.000000
000 0.000000
000 0.000000
000 0.000000
000 0.000000
000 0.000000
000 0.000000
000 0.000000
000 0.000000
000 0.000000
000 0.000000
000 0.000000
000 0.000000
000 0.000000
000 0.000000
000 0.000000
000 0.000000
000 0.000000
000 0.000000
000 0.000000
000 0.000000
000 0.000000
000 0.000000
000 0.000000
000 0.000000
000 0.000000
000 0.000000
000 0.000000
000 0.000000
000 0.000000
000 0.000000
000 0.000000
000 0.000000
000 0.000000
000 0.000000
000 0.000000
000 0.000000
000 0.000000
000 0.000000
000 0.000000
000 0.000000
000 0.000000
000 0.000000
000 0.000000
000 0.000000
000 0.000000
000 0.000000
000 0.000000
000 0.000000
000 0.000000
000 0.000000
000 0.000000
000 0.000000
000 0.000000
000 0.000000
000 0.000000
000 0.000000
000 0.000000
000 0.000000
000 0.000000
000 0.000000
000 0.000000
000 0.000000
000 0.000000
000 0.000000
000 0.000000
000 0.000000
000 0.000000
000 0.000000
000 0.000000
000 0.000000
000 0.000000
000 0.000000
000 0.000000
000 0.000000
000 0.000000
000 0.000000
000 0.000000
000 0.000000
000 0.000000
000 0.000000
000 0.000000
000 0.000000
000 0.000000
000 0.000000
000 0.000000
000 0.000000
000 0.000000
000 0.000000
000 0.000000
000 0.000000
000 0.000000
000 0.000000
000 0.000000
000 0.000000
000 0.000000
000 0.000000
000 0.000000
000 0.000000
000 0.000000
000 0.000000
000 0.000000
000 0.000000
000 0.000000
000 0.000000
000 0.000000
000 0.000000
000 0.000000
000 0.000000
000 0.000000
000 0.000000
000 0.000000
000 0.000000
000 0.000000
000 0.000000
000 0.000000
000 0.000000
000 0.000000
000 0.000000
000 0.000000
000 0.000000
000 0.000000
000 0.000000
000 0.000000
000 0.000000
000 0.000000
000 0.000000
000 0.000000
000 0.000000
000 0.000000
000 0.000000
000 0.000000
000 0.000000
000 0.000000
000 0.000000
000 0.000000
000 0.000000
000 0.000000
000 0.000000
000 0.000000
000 0.000000
000 0.000000
000 0.000000
000 0.000000
000 0.000000
000 0.000000
000 0.000000
000 0.000000
000 0.000000
000 0.000000
000 0.000000
000 0.000000
000 0.000000
000 0.000000
000 0.000000
000 0.000000
000 0.000000
000 0.000000
000 0.000000
000 0.000000
000 0.000000
000 0.000000
000 0.000000
000 0.000000
000 0.000000
000 0.000000
000 0.000000
000 0.000000
000 0.000000
000 0.000000
000 0.000000
000 0.000000
000 0.000000
000 0.000000
000 0.000000
000 0.000000
000 0.000000
000 0.000000
000 0.000000
000 0.000000
000 0.000000
000 0.000000
000 0.000000
000 0.000000
000 0.000000
000 0.000000
000 0.000000
000 0.000000
000 0.000000
000 0.000000
000 0.000000
000 0.000000
000 0.000000
000 0.000000
000 0.000000
000 0.000000
000 0.000000
000 0.000000
000 0.000000
000 0.000000
000 0.000000
000 0.000000
000 0.000000
000 0.000000
000 0.000000
000 0.000000
000 0.000000
000 0.000000
000 0.000000
000 0.000000
000 0.000000
000 0.000000
000 0.000000
000 0.000000
000 0.000000
000 0.000000
000 0.000000
000 0.000000
000 0.000000
000 0.000000
000 0.000000
000 0.000000
000 0.000000
000 0.000000
000 0.000000
000 0.000000
000 0.000000
000 0.000000
000 0.000000
000 0.000000
000 0.000000
000 0.000000
000 0.000000
000 0.000000
000 0.000000
000 0.000000
000 0.000000
000 0.000000
000 0.000000
000 0.000000
000 0.000000
000 0.000000
000 0.000000
000 0.000000
000 0.000000
000 0.000000
000 0.000000
000 0.000000
000 0.000000
000 0.000000
000 0.000000
000 0.000000
000 0.000000
000 0.000000
000 0.000000
000 0.000000
000 0.000000
000 0.000000
000 0.000000
000 0.000000
000 0.000000
000 0.000000
000 0.000000
000 0.000000
000 0.000000
000 0.000000
000 0.000000
000 0.000000
000 0.000000
000 0.000000
000 0.000000
000 0.000000
000 0.000000
000 0.000000
000 0.000000
000 0.000000
000 0.000000
000 0.000000
000 0.000000
000 0.000000
000 0.000000
000 0.000000
000 0.000000
000 0.000000
000 0.000000
000 0.000000
000 0.000000
000 0.000000
000 0.000000
000 0.000000
000 0.000000
000 0.000000
