200 0.008613
202 0.017941
200 0.025261
200 0.018441
202 0.017831
200 0.024730
200 0.021973
203 0.130238
202 0.117312
200 0.123161
200 0.138760
201 0.127009
200 0.141176
000 0.000000
500 0.024718
000 0.035462
500 0.032857
500 0.042859
000 0.017372
000 0.068895
000 0.061084
500 0.012055
000 0.000000
000 0.000000
500 0.033312
500 0.037804
000 0.008053
500 0.031197
000 0.000000
500 0.014328
500 0.008763
500 0.079018
000 0.052866
500 0.047688
500 0.047898
000 0.146533
500 0.160825
500 0.147534
000 0.000000
000 0.056955
500 0.026195
500 0.032538
000 0.106018
500 0.082810
500 0.066944
500 0.032076
500 0.035214
000 0.060601
000 0.065884
000 0.072686
000 0.158163
500 0.051350
000 0.122145
000 0.000000
500 0.056607
500 0.058810
000 0.154730
500 0.043397
000 0.044319
500 0.134620
000 0.048766
000 0.076220
500 0.064843
000 0.039276
500 0.031824
000 0.069772
500 0.072789
500 0.022881
000 0.000000
500 0.044067
000 0.046726
000 0.046389
000 0.014796
500 0.080222
500 0.031286
000 0.026863
500 0.034439
500 0.018727
000 0.000000
000 0.000000
000 0.000000
000 0.025828
000 0.058433
000 0.022924
000 0.088216
000 0.024562
000 0.026611
000 0.080648
000 0.026193
000 0.025632
000 0.024877
500 0.021447
000 0.060278
000 0.021976
500 0.012565
000 0.011322
000 0.009002
000 0.015138
000 0.000000
000 0.032750
500 0.011345
500 0.013257
500 0.080177
000 0.015293
000 0.035345
000 0.000000
500 0.061287
500 0.063153
000 0.022503
000 0.028604
500 0.004247
500 0.084262
500 0.029425
000 0.063072
500 0.006034
000 0.000000
000 0.000000
500 0.006264
000 0.006074
500 0.008619
000 0.005308
500 0.006074
000 0.002709
500 0.007012
000 0.000000
500 0.084595
000 0.019066
000 0.081729
500 0.023138
500 0.028049
000 0.036487
000 0.000000
500 0.023480
000 0.020441
000 0.008899
500 0.088229
500 0.003399
500 0.008508
500 0.033393
500 0.001355
500 0.004717
000 0.000000
000 0.006140
500 0.002170
000 0.245312
000 0.000000
000 0.127202
000 0.097396
500 0.092518
000 0.257408
000 0.003090
500 0.101752
000 0.002971
000 0.000000
500 0.003710
500 0.096974
000 0.085021
000 0.081262
000 0.000000
000 0.008700
000 0.000000
500 0.130638
500 0.002346
500 0.072326
500 0.121722
500 0.003929
000 0.000000
500 0.001825
500 0.001452
500 0.007240
500 0.007320
000 0.000000
000 0.008261
000 0.000000
500 0.004799
000 0.000000
000 0.021756
500 0.014823
000 0.000000
500 0.012409
500 0.006052
000 0.003556
500 0.014644
000 0.009565
000 0.014967
000 0.019858
000 0.010913
500 0.014492
500 0.018642
000 0.014126
500 0.020716
500 0.022022
000 0.016039
000 0.024637
000 0.023419
500 0.028975
000 0.009523
500 0.015117
000 0.036801
000 0.016833
000 0.000000
000 0.037859
500 0.007750
500 0.004331
000 0.019576
500 0.009649
500 0.002861
500 0.011178
000 0.006389
500 0.005561
000 0.006106
000 0.015954
500 0.008101
000 0.010831
000 0.000000
500 0.009073
000 0.018850
500 0.007623
500 0.018780
500 0.025724
000 0.000000
000 0.025656
500 0.015779
000 0.020749
000 0.000000
500 0.019042
500 0.011130
000 0.016041
000 0.000000
500 0.005286
000 0.008877
000 0.012775
000 0.000000
000 0.009108
000 0.000000
000 0.000000
500 0.022863
500 0.018630
000 0.012720
500 0.013510
000 0.020681
500 0.057194
000 0.000000
500 0.011895
500 0.024363
500 0.013886
000 0.015611
000 0.013474
000 0.018222
000 0.014489
500 0.015114
000 0.000000
000 0.006075
000 0.000000
000 0.017175
500 0.020413
000 0.006574
000 0.001629
000 0.007356
500 0.006721
000 0.000000
500 0.017909
000 0.001576
000 0.018153
500 0.007231
000 0.000000
500 0.005880
000 0.000000
000 0.000000
500 0.006919
000 0.000000
000 0.000000
500 0.011840
500 0.002402
000 0.000000
000 0.006392
000 0.008591
500 0.002347
500 0.002318
500 0.000906
000 0.000000
500 0.000995
500 0.000702
201 0.936918
202 0.934543
200 0.958119
202 0.935054
203 1.033244
202 1.034108
201 1.333005
200 1.330788
200 1.334018
201 1.436049
200 1.433857
200 1.427536
203 1.729600
201 2.444794
202 2.431985
202 2.426139
201 2.529914
000 0.000000
000 0.000000
000 0.000000
000 0.000000
000 0.000000
000 0.000000
000 0.000000
000 0.000000
000 0.000000
000 0.000000
000 0.000000
000 0.000000
000 0.000000
000 0.000000
000 0.000000
000 0.000000
000 0.000000
000 0.000000
000 0.000000
000 0.000000
000 0.000000
000 0.000000
000 0.000000
000 0.000000
000 0.000000
000 0.000000
000 0.000000
000 0.000000
000 0.000000
000 0.000000
000 0.000000
000 0.000000
000 0.000000
000 0.000000
000 0.000000
000 0.000000
000 0.000000
000 0.000000
000 0.000000
000 0.000000
000 0.000000
000 0.000000
000 0.000000
000 0.000000
000 0.000000
000 0.000000
000 0.000000
000 0.000000
000 0.000000
000 0.000000
000 0.000000
000 0.000000
000 0.000000
000 0.000000
000 0.000000
000 0.000000
000 0.000000
000 0.000000
000 0.000000
000 0.000000
000 0.000000
000 0.000000
000 0.000000
000 0.000000
000 0.000000
000 0.000000
000 0.000000
000 0.000000
000 0.000000
000 0.000000
000 0.000000
000 0.000000
000 0.000000
000 0.000000
000 0.000000
000 0.000000
000 0.000000
000 0.000000
000 0.000000
000 0.000000
000 0.000000
000 0.000000
000 0.000000
000 0.000000
000 0.000000
000 0.000000
000 0.000000
000 0.000000
000 0.000000
000 0.000000
000 0.000000
000 0.000000
000 0.000000
000 0.000000
000 0.000000
000 0.000000
000 0.000000
000 0.000000
000 0.000000
000 0.000000
000 0.000000
000 0.000000
000 0.000000
000 0.000000
000 0.000000
000 0.000000
000 0.000000
000 0.000000
000 0.000000
000 0.000000
000 0.000000
000 0.000000
000 0.000000
000 0.000000
000 0.000000
000 0.000000
000 0.000000
000 0.000000
000 0.000000
000 0.000000
000 0.000000
000 0.000000
000 0.000000
000 0.000000
000 0.000000
000 0.000000
000 0.000000
000 0.000000
000 0.000000
000 0.000000
000 0.000000
000 0.000000
000 0.000000
000 0.000000
000 0.000000
000 0.000000
000 0.000000
000 0.000000
000 0.000000
000 0.000000
000 0.000000
000 0.000000
000 0.000000
000 0.000000
000 0.000000
000 0.000000
000 0.000000
000 0.000000
000 0.000000
000 0.000000
000 0.000000
000 0.000000
000 0.000000
000 0.000000
000 0.000000
000 0.000000
000 0.000000
000 0.000000
000 0.000000
000 0.000000
000 0.000000
000 0.000000
000 0.000000
000 0.000000
000 0.000000
000 0.000000
000 0.000000
000 0.000000
000 0.000000
000 0.000000
000 0.000000
000 0.000000
000 0.000000
000 0.000000
000 0.000000
000 0.000000
000 0.000000
000 0.000000
000 0.000000
000 0.000000
000 0.000000
000 0.000000
000 0.000000
000 0.000000
000 0.000000
000 0.000000
000 0.000000
000 0.000000
000 0.000000
000 0.000000
000 0.000000
000 0.000000
000 0.000000
000 0.000000
000 0.000000
000 0.000000
000 0.000000
000 0.000000
000 0.000000
000 0.000000
000 0.000000
000 0.000000
000 0.000000
000 0.000000
000 0.000000
000 0.000000
000 0.000000
000 0.000000
000 0.000000
000 0.000000
000 0.000000
000 0.000000
000 0.000000
000 0.000000
000 0.000000
000 0.000000
000 0.000000
000 0.000000
000 0.000000
000 0.000000
000 0.000000
000 0.000000
000 0.000000
000 0.000000
000 0.000000
000 0.000000
000 0.000000
000 0.000000
000 0.000000
000 0.000000
000 0.000000
000 0.000000
000 0.000000
000 0.000000
000 0.000000
000 0.000000
000 0.000000
000 0.000000
000 0.000000
000 0.000000
000 0.000000
000 0.000000
000 0.000000
000 0.000000
000 0.000000
000 0.000000
000 0.000000
000 0.000000
000 0.000000
000 0.000000
000 0.000000
000 0.000000
000 0.000000
000 0.000000
000 0.000000
000 0.000000
000 0.000000
000 0.000000
000 0.000000
000 0.000000
000 0.000000
000 0.000000
000 0.000000
000 0.000000
000 0.000000
000 0.000000
000 0.000000
000 0.000000
000 0.000000
000 0.000000
000 0.000000
000 0.000000
000 0.000000
000 0.000000
000 0.000000
000 0.000000
000 0.000000
000 0.000000
000 0.000000
000 0.000000
000 0.000000
000 0.000000
000 0.000000
000 0.000000
000 0.000000
000 0.000000
000 0.000000
000 0.000000
000 0.000000
000 0.000000
000 0.000000
000 0.000000
000 0.000000
000 0.000000
000 0.000000
000 0.000000
000 0.000000
000 0.000000
000 0.000000
000 0.000000
000 0.000000
000 0.000000
000 0.000000
000 0.000000
000 0.000000
000 0.000000
000 0.000000
000 0.000000
000 0.000000
000 0.000000
000 0.000000
000 0.000000
000 0.000000
000 0.000000
000 0.000000
000 0.000000
000 0.000000
000 0.000000
000 0.000000
000 0.000000
000 0.000000
000 0.000000
000 0.000000
000 0.000000
000 0.000000
000 0.000000
000 0.000000
000 0.000000
000 0.000000
000 0.000000
000 0.000000
000 0.000000
000 0.000000
000 0.000000
000 0.000000
000 0.000000
000 0.000000
000 0.000000
000 0.000000
000 0.000000
000 0.000000
000 0.000000
000 0.000000
000 0.000000
000 0.000000
000 0.000000
000 0.000000
000 0.000000
000 0.000000
000 0.000000
000 0.000000
000 0.000000
000 0.000000
000 0.000000
000 0.000000
000 0.000000
000 0.000000
000 0.000000
000 0.000000
000 0.000000
000 0.000000
000 0.000000
000 0.000000
000 0.000000
000 0.000000
000 0.000000
000 0.000000
000 0.000000
000 0.000000
000 0.000000
000 0.000000
000 0.000000
000 0.000000
000 0.000000
000 0.000000
000 0.000000
000 0.000000
000 0.000000
000 0.000000
000 0.000000
000 0.000000
000 0.000000
000 0.000000
000 0.000000
000 0.000000
000 0.000000
000 0.000000
000 0.000000
000 0.000000
000 0.000000
000 0.000000
000 0.000000
000 0.000000
000 0.000000
000 0.000000
000 0.000000
000 0.000000
000 0.000000
000 0.000000
000 0.000000
000 0.000000
000 0.000000
000 0.000000
000 0.000000
000 0.000000
000 0.000000
000 0.000000
000 0.000000
000 0.000000
000 0.000000
000 0.000000
000 0.000000
000 0.000000
000 0.000000
000 0.000000
000 0.000000
000 0.000000
000 0.000000
000 0.000000
000 0.000000
000 0.000000
000 0.000000
000 0.000000
000 0.000000
000 0.000000
000 0.000000
000 0.000000
000 0.000000
000 0.000000
000 0.000000
000 0.000000
000 0.000000
000 0.000000
000 0.000000
000 0.000000
000 0.000000
000 0.000000
000 0.000000
000 0.000000
000 0.000000
000 0.000000
000 0.000000
000 0.000000
000 0.000000
000 0.000000
000 0.000000
000 0.000000
000 0.000000
000 0.000000
000 0.000000
000 0.000000
000 0.000000
000 0.000000
000 0.000000
000 0.000000
000 0.000000
000 0.000000
000 0.000000
000 0.000000
000 0.000000
000 0.000000
000 0.000000
000 0.000000
000 0.000000
000 0.000000
000 0.000000
000 0.000000
000 0.000000
000 0.000000
000 0.000000
000 0.000000
000 0.000000
000 0.000000
000 0.000000
000 0.000000
000 0.000000
000 0.000000
000 0.000000
000 0.000000
000 0.000000
000 0.000000
000 0.000000
000 0.000000
000 0.000000
000 0.000000
000 0.000000
000 0.000000
000 0.000000
000 0.000000
000 0.000000
000 0.000000
000 0.000000
000 0.000000
000 0.000000
000 0.000000
000 0.000000
000 0.000000
000 0.000000
000 0.000000
000 0.000000
000 0.000000
000 0.000000
000 0.000000
000 0.000000
000 0.000000
000 0.000000
000 0.000000
000 0.000000
000 0.000000
000 0.000000
000 0.000000
000 0.000000
000 0.000000
000 0.000000
000 0.000000
000 0.000000
000 0.000000
000 0.000000
000 0.000000
000 0.000000
000 0.000000
000 0.000000
000 0.000000
000 0.000000
000 0.000000
000 0.000000
000 0.000000
000 0.000000
000 0.000000
000 0.000000
000 0.000000
000 0.000000
000 0.000000
000 0.000000
000 0.000000
000 0.000000
000 0.000000
000 0.000000
